{"meta": {"version": "7.3.1", "timestamp": "2023-09-20T15:01:09.793779", "branch_coverage": false, "show_contexts": false}, "files": {"model-definitions/__init__.py": {"executed_lines": [], "summary": {"covered_lines": 0, "num_statements": 0, "percent_covered": 100.0, "percent_covered_display": "100", "missing_lines": 0, "excluded_lines": 0}, "missing_lines": [], "excluded_lines": []}, "model-definitions/scripts/CLIManager/CLIManager.py": {"executed_lines": [], "summary": {"covered_lines": 0, "num_statements": 72, "percent_covered": 0.0, "percent_covered_display": "0", "missing_lines": 72, "excluded_lines": 0}, "missing_lines": [1, 2, 3, 4, 5, 8, 9, 10, 11, 12, 13, 14, 15, 16, 17, 18, 19, 20, 21, 22, 23, 25, 26, 27, 29, 30, 37, 38, 40, 42, 43, 44, 45, 46, 47, 49, 50, 51, 53, 54, 55, 56, 57, 58, 60, 61, 64, 65, 66, 67, 68, 69, 70, 71, 72, 74, 75, 76, 77, 78, 79, 80, 82, 83, 85, 86, 88, 89, 90, 93, 94, 95], "excluded_lines": []}, "model-definitions/scripts/CLIManager/__init__.py": {"executed_lines": [], "summary": {"covered_lines": 0, "num_statements": 0, "percent_covered": 100.0, "percent_covered_display": "100", "missing_lines": 0, "excluded_lines": 0}, "missing_lines": [], "excluded_lines": []}, "model-definitions/scripts/__init__.py": {"executed_lines": [1], "summary": {"covered_lines": 0, "num_statements": 0, "percent_covered": 100.0, "percent_covered_display": "100", "missing_lines": 0, "excluded_lines": 0}, "missing_lines": [], "excluded_lines": []}, "model-definitions/scripts/circuitDetailsHandler.py": {"executed_lines": [], "summary": {"covered_lines": 0, "num_statements": 35, "percent_covered": 0.0, "percent_covered_display": "0", "missing_lines": 35, "excluded_lines": 0}, "missing_lines": [12, 21, 24, 25, 26, 27, 28, 30, 33, 37, 39, 40, 42, 44, 45, 48, 51, 52, 63, 64, 65, 66, 67, 68, 70, 71, 72, 85, 86, 88, 89, 91, 92, 93, 94], "excluded_lines": []}, "model-definitions/scripts/common_plan.py": {"executed_lines": [1, 10, 11, 12, 13, 14, 15, 16, 17, 18, 19, 20, 21, 22, 23, 24, 25, 26, 27, 28, 31, 37, 38, 39, 41, 42, 44, 45, 49, 50, 52, 54, 55, 60, 61, 95, 97, 99, 103, 104, 105, 106, 107, 108, 109, 110, 111, 112, 113, 114, 115, 116, 117, 118, 119, 120, 121, 122, 123, 124, 125, 126, 127, 128, 129, 130, 131, 132, 133, 134, 135, 136, 137, 138, 139, 140, 141, 142, 143, 144, 145, 146, 147, 148, 149, 150, 151, 152, 153, 154, 155, 156, 157, 158, 159, 160, 161, 162, 163, 164, 165, 167, 168, 169, 171, 172, 174, 179, 186, 214, 310, 322, 331, 332, 333, 334, 336, 338, 340, 341, 342, 343, 344, 345, 347, 348, 349, 352, 355, 356, 357, 360, 361, 364, 365, 367, 369, 370, 371, 379, 380, 381, 382, 384, 385, 386, 387, 388, 389, 393, 394, 395, 397, 398, 400, 407, 409, 419, 422, 424, 425, 426, 428, 430, 432, 434, 438, 440, 474, 494, 496, 497, 499, 501, 526, 551, 584, 609, 625, 644, 660, 702, 713, 714, 715, 716, 717, 718, 722, 724, 725, 726, 729, 730, 736, 739, 741, 754, 755, 756, 757, 758, 759, 761, 762, 763, 768, 769, 776, 778, 825, 853, 875, 912, 954, 1006, 1007, 1008, 1009, 1015, 1022, 1023, 1025, 1028, 1032, 1035, 1088, 1091, 1095, 1213, 1225, 1245, 1246, 1258, 1259, 1260, 1268, 1269, 1270, 1273, 1274, 1275, 1276, 1277, 1278, 1279, 1280, 1281, 1282, 1284, 1285, 1286, 1287, 1289, 1307, 1320, 1321, 1326, 1328, 1341, 1342, 1347, 1349, 1396, 1401, 1402, 1405, 1407, 1408, 1410, 1411, 1412, 1413, 1414, 1415, 1460, 1502, 1508, 1511, 1512, 1513, 1514, 1515, 1516, 1517, 1518, 1523, 1524, 1526, 1539, 1557, 1575, 1596, 1620, 1638, 1652, 1656, 1658, 1676, 1695, 1709, 1711, 1713, 1731, 1749, 1769, 1791, 1813, 1825, 1826, 1829, 1830, 1836, 1837, 1839, 1841, 1863, 1885, 1906, 1926, 1950, 1990, 2022, 2041, 2080, 2088, 2126, 2171, 2206, 2222, 2256, 2286, 2411, 2443, 2445, 2446, 2448, 2450, 2459, 2460, 2462, 2513, 2554, 2600, 2605, 2616, 2663, 2726, 2730, 2758, 2812, 2860, 2931, 2958, 2992, 3003, 3022, 3035, 3060, 3071, 3133, 3149, 3166, 3180, 3200, 3205, 3208, 3210, 3212, 3213, 3214, 3215, 3216, 3217, 3219, 3221, 3250, 3276, 3301, 3371, 3391, 3395, 3427, 3471, 3497, 3508, 3531, 3555, 3572, 3595, 3630, 3717, 3791, 3868, 3957, 3960, 4006, 4140, 4153, 4165, 4176, 4190, 4202, 4214, 4228, 4300, 4313, 4342, 4349, 4352, 4370, 4402, 4453, 4470, 4496, 4539, 4558, 4592, 4608, 4652, 4681, 4734, 4790, 4803, 4830, 4884, 4906, 4922, 4926, 4927, 4934, 4963, 4989, 5019, 5029, 5036, 5039, 5059, 5063, 5064, 5068], "summary": {"covered_lines": 439, "num_statements": 2407, "percent_covered": 18.238471125882842, "percent_covered_display": "18", "missing_lines": 1968, "excluded_lines": 0}, "missing_lines": [62, 63, 64, 65, 66, 67, 68, 69, 70, 71, 72, 75, 78, 80, 81, 83, 84, 86, 87, 89, 90, 92, 93, 94, 96, 100, 372, 373, 375, 376, 377, 390, 391, 392, 420, 461, 463, 464, 465, 466, 467, 468, 470, 471, 472, 517, 519, 520, 522, 524, 542, 543, 545, 549, 565, 567, 568, 570, 571, 573, 575, 579, 580, 582, 595, 596, 597, 598, 602, 603, 607, 611, 612, 613, 614, 615, 616, 618, 619, 620, 621, 623, 636, 637, 638, 639, 640, 642, 652, 654, 655, 656, 658, 671, 673, 676, 677, 680, 682, 683, 684, 686, 687, 688, 689, 690, 691, 692, 693, 695, 698, 700, 719, 720, 732, 733, 734, 737, 771, 772, 773, 774, 792, 793, 794, 796, 797, 798, 799, 800, 801, 802, 803, 804, 805, 806, 807, 809, 811, 812, 813, 815, 816, 818, 819, 820, 821, 823, 837, 838, 840, 842, 843, 844, 845, 846, 848, 849, 851, 865, 868, 869, 871, 873, 892, 894, 895, 896, 898, 902, 903, 904, 905, 907, 908, 910, 926, 928, 929, 933, 934, 937, 938, 941, 942, 943, 946, 948, 949, 951, 952, 966, 968, 970, 971, 972, 973, 975, 976, 978, 979, 981, 982, 984, 985, 986, 987, 989, 990, 996, 997, 998, 999, 1000, 1001, 1003, 1004, 1016, 1017, 1018, 1019, 1020, 1026, 1029, 1030, 1033, 1076, 1077, 1078, 1079, 1080, 1081, 1082, 1084, 1085, 1086, 1089, 1092, 1093, 1140, 1141, 1142, 1143, 1144, 1145, 1146, 1148, 1149, 1150, 1151, 1152, 1153, 1155, 1156, 1157, 1158, 1159, 1160, 1161, 1162, 1163, 1164, 1165, 1166, 1168, 1169, 1170, 1171, 1172, 1173, 1174, 1175, 1176, 1178, 1179, 1180, 1181, 1182, 1184, 1185, 1186, 1187, 1188, 1189, 1190, 1192, 1193, 1195, 1196, 1197, 1198, 1199, 1200, 1201, 1202, 1203, 1204, 1205, 1207, 1208, 1210, 1211, 1214, 1215, 1216, 1217, 1218, 1219, 1220, 1221, 1223, 1232, 1233, 1234, 1235, 1236, 1237, 1238, 1239, 1240, 1241, 1243, 1247, 1248, 1249, 1250, 1252, 1253, 1256, 1262, 1263, 1266, 1271, 1299, 1300, 1301, 1302, 1303, 1305, 1322, 1323, 1324, 1343, 1344, 1345, 1354, 1355, 1356, 1357, 1358, 1359, 1360, 1361, 1362, 1363, 1364, 1365, 1366, 1367, 1372, 1373, 1374, 1375, 1377, 1378, 1379, 1380, 1382, 1383, 1384, 1385, 1387, 1388, 1389, 1390, 1391, 1392, 1394, 1403, 1418, 1419, 1420, 1421, 1422, 1423, 1424, 1425, 1426, 1427, 1428, 1430, 1431, 1432, 1433, 1434, 1435, 1436, 1437, 1438, 1441, 1442, 1443, 1444, 1447, 1449, 1451, 1452, 1453, 1454, 1456, 1458, 1465, 1466, 1467, 1468, 1469, 1474, 1476, 1477, 1479, 1480, 1481, 1485, 1487, 1488, 1489, 1490, 1491, 1495, 1500, 1509, 1519, 1522, 1531, 1532, 1533, 1535, 1537, 1553, 1555, 1571, 1573, 1588, 1589, 1590, 1591, 1592, 1594, 1609, 1610, 1611, 1612, 1613, 1614, 1615, 1616, 1617, 1618, 1634, 1636, 1672, 1674, 1690, 1691, 1693, 1727, 1729, 1745, 1747, 1763, 1767, 1783, 1784, 1785, 1786, 1787, 1789, 1805, 1806, 1807, 1808, 1809, 1811, 1831, 1832, 1833, 1834, 1855, 1856, 1857, 1858, 1859, 1861, 1877, 1878, 1879, 1880, 1881, 1883, 1899, 1901, 1902, 1904, 1919, 1921, 1922, 1924, 1941, 1942, 1943, 1945, 1946, 1947, 1948, 1968, 1969, 1970, 1971, 1972, 1973, 1974, 1975, 1976, 1977, 1978, 1979, 1981, 1982, 1983, 1984, 1986, 1988, 1994, 1995, 1996, 1997, 1998, 1999, 2000, 2001, 2002, 2003, 2005, 2007, 2008, 2009, 2010, 2012, 2013, 2014, 2015, 2018, 2020, 2023, 2024, 2025, 2026, 2027, 2028, 2030, 2032, 2033, 2034, 2035, 2037, 2039, 2055, 2057, 2058, 2059, 2061, 2062, 2063, 2064, 2066, 2069, 2070, 2071, 2073, 2074, 2075, 2077, 2078, 2081, 2082, 2083, 2085, 2086, 2106, 2108, 2109, 2110, 2111, 2112, 2113, 2114, 2115, 2116, 2117, 2118, 2120, 2122, 2124, 2147, 2148, 2149, 2151, 2152, 2153, 2154, 2155, 2156, 2157, 2159, 2160, 2161, 2162, 2163, 2164, 2165, 2166, 2168, 2169, 2185, 2186, 2187, 2188, 2189, 2190, 2192, 2193, 2194, 2196, 2197, 2198, 2200, 2201, 2202, 2203, 2204, 2215, 2216, 2217, 2218, 2219, 2220, 2243, 2249, 2250, 2252, 2254, 2266, 2268, 2269, 2271, 2272, 2273, 2274, 2277, 2280, 2281, 2282, 2284, 2300, 2301, 2303, 2304, 2306, 2309, 2310, 2311, 2312, 2313, 2314, 2315, 2318, 2320, 2324, 2326, 2327, 2329, 2330, 2331, 2332, 2333, 2334, 2336, 2339, 2340, 2342, 2343, 2344, 2345, 2348, 2350, 2351, 2353, 2354, 2369, 2370, 2383, 2384, 2388, 2389, 2391, 2392, 2393, 2395, 2396, 2397, 2398, 2399, 2400, 2401, 2403, 2406, 2407, 2408, 2409, 2416, 2417, 2418, 2419, 2420, 2421, 2422, 2423, 2424, 2425, 2426, 2427, 2428, 2430, 2431, 2432, 2434, 2435, 2437, 2438, 2439, 2441, 2468, 2469, 2470, 2471, 2472, 2474, 2475, 2476, 2477, 2478, 2479, 2481, 2482, 2484, 2488, 2489, 2490, 2494, 2495, 2498, 2499, 2502, 2503, 2506, 2507, 2508, 2511, 2518, 2519, 2520, 2521, 2522, 2523, 2524, 2525, 2527, 2528, 2529, 2530, 2532, 2533, 2570, 2571, 2572, 2574, 2575, 2576, 2577, 2578, 2579, 2580, 2581, 2582, 2583, 2585, 2586, 2587, 2588, 2590, 2591, 2592, 2593, 2596, 2598, 2601, 2607, 2608, 2609, 2611, 2612, 2613, 2614, 2630, 2631, 2632, 2634, 2635, 2636, 2637, 2638, 2639, 2640, 2641, 2642, 2646, 2648, 2649, 2650, 2651, 2652, 2653, 2655, 2656, 2657, 2658, 2659, 2661, 2677, 2683, 2685, 2686, 2687, 2688, 2689, 2690, 2691, 2692, 2694, 2695, 2697, 2699, 2720, 2722, 2723, 2724, 2728, 2744, 2745, 2747, 2748, 2750, 2752, 2753, 2754, 2756, 2776, 2777, 2779, 2780, 2782, 2783, 2784, 2786, 2787, 2788, 2789, 2791, 2793, 2794, 2799, 2800, 2801, 2803, 2804, 2810, 2828, 2829, 2831, 2832, 2833, 2835, 2836, 2837, 2838, 2843, 2844, 2849, 2850, 2851, 2853, 2854, 2855, 2856, 2858, 2878, 2879, 2881, 2882, 2884, 2885, 2887, 2888, 2889, 2891, 2892, 2893, 2894, 2899, 2900, 2901, 2902, 2903, 2905, 2907, 2908, 2909, 2916, 2919, 2920, 2924, 2927, 2929, 2943, 2944, 2946, 2949, 2950, 2951, 2952, 2954, 2956, 2967, 2968, 2969, 2970, 2971, 2972, 2973, 2974, 2977, 2978, 2979, 2985, 2986, 2989, 2990, 2998, 2999, 3001, 3009, 3012, 3013, 3017, 3018, 3020, 3026, 3027, 3028, 3029, 3030, 3031, 3033, 3043, 3044, 3045, 3046, 3047, 3048, 3049, 3050, 3051, 3052, 3053, 3056, 3058, 3065, 3066, 3067, 3069, 3083, 3084, 3085, 3086, 3088, 3089, 3090, 3091, 3092, 3093, 3096, 3098, 3100, 3101, 3102, 3103, 3104, 3105, 3107, 3108, 3109, 3110, 3111, 3112, 3113, 3114, 3115, 3117, 3118, 3119, 3120, 3121, 3122, 3123, 3125, 3126, 3127, 3128, 3130, 3131, 3134, 3135, 3136, 3139, 3140, 3141, 3142, 3143, 3145, 3147, 3151, 3152, 3155, 3156, 3161, 3163, 3164, 3172, 3173, 3174, 3175, 3177, 3178, 3188, 3194, 3196, 3197, 3198, 3206, 3227, 3228, 3229, 3230, 3231, 3232, 3233, 3234, 3235, 3236, 3239, 3241, 3242, 3243, 3246, 3248, 3262, 3263, 3264, 3265, 3266, 3267, 3268, 3269, 3270, 3271, 3272, 3274, 3286, 3289, 3290, 3291, 3292, 3294, 3295, 3296, 3297, 3299, 3315, 3328, 3329, 3330, 3331, 3332, 3334, 3336, 3349, 3350, 3351, 3357, 3358, 3359, 3360, 3364, 3365, 3366, 3368, 3369, 3382, 3383, 3384, 3385, 3386, 3387, 3389, 3393, 3407, 3409, 3411, 3412, 3413, 3414, 3416, 3418, 3419, 3420, 3421, 3423, 3425, 3428, 3429, 3430, 3431, 3432, 3433, 3434, 3436, 3445, 3446, 3447, 3448, 3449, 3453, 3454, 3455, 3456, 3457, 3460, 3462, 3463, 3466, 3467, 3469, 3477, 3478, 3479, 3481, 3483, 3484, 3485, 3486, 3487, 3488, 3489, 3490, 3491, 3492, 3494, 3495, 3498, 3499, 3501, 3517, 3518, 3519, 3520, 3521, 3522, 3523, 3524, 3526, 3527, 3529, 3537, 3539, 3540, 3550, 3551, 3553, 3560, 3561, 3562, 3563, 3564, 3565, 3566, 3567, 3568, 3569, 3570, 3578, 3580, 3581, 3583, 3584, 3585, 3586, 3587, 3588, 3590, 3592, 3593, 3596, 3597, 3598, 3599, 3601, 3602, 3606, 3607, 3609, 3610, 3614, 3616, 3617, 3618, 3620, 3626, 3628, 3637, 3642, 3648, 3649, 3650, 3651, 3652, 3655, 3656, 3657, 3658, 3659, 3661, 3662, 3664, 3665, 3668, 3669, 3670, 3671, 3672, 3673, 3674, 3675, 3676, 3678, 3679, 3680, 3681, 3682, 3683, 3684, 3685, 3686, 3689, 3690, 3691, 3692, 3693, 3694, 3697, 3698, 3699, 3700, 3701, 3702, 3703, 3704, 3705, 3706, 3707, 3710, 3711, 3712, 3713, 3714, 3715, 3722, 3723, 3724, 3727, 3728, 3729, 3730, 3731, 3732, 3733, 3734, 3735, 3736, 3737, 3738, 3739, 3740, 3741, 3742, 3743, 3744, 3746, 3747, 3748, 3750, 3751, 3753, 3754, 3755, 3756, 3757, 3758, 3759, 3760, 3761, 3762, 3763, 3764, 3765, 3766, 3767, 3768, 3770, 3771, 3772, 3774, 3775, 3778, 3781, 3782, 3783, 3789, 3796, 3797, 3801, 3805, 3806, 3819, 3827, 3830, 3831, 3832, 3833, 3837, 3838, 3839, 3840, 3841, 3842, 3843, 3848, 3849, 3850, 3851, 3854, 3855, 3859, 3860, 3866, 3874, 3875, 3876, 3877, 3880, 3884, 3887, 3891, 3895, 3898, 3902, 3903, 3904, 3906, 3909, 3910, 3912, 3916, 3917, 3919, 3920, 3921, 3922, 3923, 3925, 3926, 3927, 3928, 3931, 3934, 3936, 3937, 3939, 3940, 3941, 3943, 3944, 3947, 3948, 3949, 3955, 3958, 3974, 3975, 3976, 3977, 3978, 3979, 3980, 3981, 3982, 3983, 3985, 3986, 3989, 3991, 3993, 3994, 3995, 3996, 3997, 3998, 3999, 4000, 4001, 4002, 4003, 4004, 4010, 4011, 4012, 4013, 4014, 4015, 4016, 4017, 4018, 4019, 4030, 4031, 4032, 4033, 4035, 4037, 4041, 4042, 4043, 4045, 4046, 4047, 4048, 4049, 4050, 4052, 4053, 4054, 4055, 4056, 4057, 4059, 4060, 4061, 4062, 4063, 4065, 4066, 4069, 4072, 4073, 4074, 4075, 4079, 4080, 4082, 4083, 4084, 4085, 4086, 4087, 4088, 4089, 4091, 4092, 4093, 4094, 4095, 4096, 4097, 4098, 4099, 4101, 4102, 4103, 4106, 4107, 4108, 4109, 4110, 4111, 4112, 4113, 4115, 4116, 4117, 4118, 4119, 4120, 4121, 4122, 4123, 4125, 4127, 4128, 4130, 4132, 4133, 4134, 4138, 4146, 4147, 4148, 4149, 4151, 4154, 4155, 4156, 4157, 4160, 4161, 4162, 4163, 4166, 4167, 4168, 4171, 4172, 4173, 4174, 4178, 4179, 4180, 4185, 4186, 4187, 4188, 4191, 4192, 4193, 4194, 4197, 4198, 4199, 4200, 4203, 4204, 4205, 4206, 4209, 4210, 4211, 4212, 4216, 4217, 4218, 4223, 4224, 4225, 4226, 4229, 4230, 4231, 4232, 4233, 4234, 4235, 4243, 4244, 4248, 4249, 4250, 4253, 4254, 4255, 4256, 4257, 4260, 4261, 4262, 4263, 4266, 4267, 4268, 4269, 4270, 4273, 4274, 4276, 4277, 4280, 4288, 4289, 4290, 4291, 4292, 4297, 4298, 4301, 4302, 4311, 4315, 4316, 4317, 4325, 4343, 4344, 4345, 4346, 4347, 4350, 4354, 4355, 4356, 4357, 4359, 4360, 4362, 4363, 4366, 4367, 4368, 4374, 4376, 4380, 4381, 4382, 4385, 4388, 4392, 4393, 4394, 4400, 4405, 4406, 4407, 4408, 4409, 4410, 4411, 4412, 4414, 4415, 4420, 4424, 4425, 4426, 4427, 4429, 4432, 4433, 4434, 4435, 4438, 4439, 4443, 4444, 4447, 4450, 4451, 4462, 4463, 4464, 4466, 4467, 4468, 4471, 4472, 4473, 4474, 4475, 4476, 4477, 4478, 4479, 4481, 4485, 4486, 4487, 4488, 4490, 4492, 4499, 4500, 4501, 4502, 4503, 4504, 4505, 4506, 4507, 4508, 4513, 4517, 4518, 4519, 4521, 4523, 4524, 4525, 4528, 4529, 4532, 4533, 4536, 4537, 4540, 4541, 4542, 4543, 4544, 4545, 4546, 4548, 4553, 4554, 4559, 4560, 4563, 4564, 4565, 4566, 4568, 4569, 4572, 4573, 4574, 4576, 4577, 4579, 4580, 4581, 4582, 4583, 4584, 4585, 4586, 4587, 4589, 4590, 4598, 4599, 4600, 4601, 4602, 4603, 4604, 4605, 4606, 4634, 4636, 4637, 4639, 4640, 4642, 4644, 4645, 4647, 4648, 4650, 4671, 4674, 4677, 4679, 4693, 4695, 4697, 4698, 4699, 4700, 4702, 4704, 4705, 4706, 4707, 4708, 4709, 4710, 4712, 4713, 4714, 4716, 4717, 4718, 4719, 4720, 4721, 4724, 4725, 4726, 4727, 4728, 4730, 4732, 4751, 4753, 4754, 4756, 4760, 4761, 4762, 4763, 4765, 4767, 4768, 4769, 4770, 4771, 4772, 4773, 4774, 4775, 4776, 4777, 4779, 4780, 4781, 4782, 4784, 4786, 4788, 4792, 4793, 4794, 4795, 4796, 4797, 4800, 4801, 4807, 4808, 4809, 4810, 4811, 4813, 4814, 4820, 4823, 4824, 4827, 4828, 4835, 4838, 4840, 4842, 4843, 4844, 4846, 4847, 4849, 4850, 4851, 4853, 4855, 4857, 4858, 4859, 4863, 4864, 4868, 4870, 4871, 4872, 4873, 4875, 4876, 4877, 4879, 4880, 4881, 4882, 4894, 4895, 4896, 4897, 4898, 4899, 4900, 4901, 4902, 4904, 4912, 4914, 4916, 4917, 4918, 4919, 4920, 4928, 4929, 4944, 4945, 4946, 4947, 4948, 4949, 4951, 4952, 4953, 4954, 4955, 4957, 4959, 4961, 4972, 4975, 4976, 4977, 4978, 4979, 4983, 4984, 4985, 4987, 4990, 4991, 4992, 4993, 4996, 4997, 4998, 5000, 5017, 5020, 5023, 5025, 5027, 5030, 5031, 5032, 5033, 5034, 5037, 5043, 5044, 5045, 5046, 5049, 5053, 5060, 5071, 5072, 5075, 5077, 5078, 5079], "excluded_lines": []}, "model-definitions/scripts/complete_and_terminate_plan.py": {"executed_lines": [1, 10, 11, 12, 15, 16, 21, 23, 24, 26, 28, 34, 36], "summary": {"covered_lines": 11, "num_statements": 11, "percent_covered": 100.0, "percent_covered_display": "100", "missing_lines": 0, "excluded_lines": 0}, "missing_lines": [], "excluded_lines": []}, "model-definitions/scripts/configmodeler/__init__.py": {"executed_lines": [], "summary": {"covered_lines": 0, "num_statements": 0, "percent_covered": 100.0, "percent_covered_display": "100", "missing_lines": 0, "excluded_lines": 0}, "missing_lines": [], "excluded_lines": []}, "model-definitions/scripts/configmodeler/adva.py": {"executed_lines": [], "summary": {"covered_lines": 0, "num_statements": 149, "percent_covered": 0.0, "percent_covered_display": "0", "missing_lines": 149, "excluded_lines": 0}, "missing_lines": [1, 2, 3, 4, 5, 8, 9, 16, 17, 18, 19, 20, 21, 22, 23, 24, 25, 26, 27, 28, 29, 47, 48, 51, 52, 55, 56, 58, 59, 64, 72, 74, 75, 76, 78, 79, 81, 83, 85, 89, 228, 294, 356, 362, 364, 372, 373, 374, 375, 377, 385, 388, 389, 390, 395, 402, 409, 416, 423, 429, 430, 431, 433, 441, 442, 443, 445, 447, 455, 456, 457, 459, 461, 469, 471, 485, 491, 492, 493, 494, 495, 496, 497, 498, 499, 500, 508, 510, 512, 523, 524, 525, 537, 538, 539, 541, 543, 555, 556, 557, 558, 559, 560, 561, 562, 563, 565, 566, 567, 569, 583, 589, 590, 591, 593, 594, 595, 596, 597, 598, 599, 600, 601, 602, 603, 605, 613, 617, 619, 622, 623, 624, 626, 628, 629, 631, 640, 644, 645, 646, 647, 648, 650, 652, 661, 662, 663, 665, 666], "excluded_lines": []}, "model-definitions/scripts/configmodeler/common.py": {"executed_lines": [], "summary": {"covered_lines": 0, "num_statements": 26, "percent_covered": 0.0, "percent_covered_display": "0", "missing_lines": 26, "excluded_lines": 0}, "missing_lines": [1, 2, 3, 4, 6, 10, 12, 13, 15, 16, 18, 19, 21, 22, 24, 25, 27, 28, 30, 31, 32, 33, 35, 36, 37, 38], "excluded_lines": []}, "model-definitions/scripts/configmodeler/juniper.py": {"executed_lines": [], "summary": {"covered_lines": 0, "num_statements": 148, "percent_covered": 0.0, "percent_covered_display": "0", "missing_lines": 148, "excluded_lines": 0}, "missing_lines": [1, 2, 3, 4, 5, 6, 9, 10, 17, 18, 19, 20, 21, 22, 23, 24, 25, 26, 27, 29, 30, 31, 33, 34, 36, 37, 40, 94, 150, 151, 153, 161, 162, 164, 166, 175, 176, 177, 179, 187, 189, 190, 191, 192, 197, 199, 200, 201, 202, 207, 208, 210, 218, 220, 221, 223, 228, 229, 231, 239, 242, 243, 245, 247, 248, 317, 322, 323, 325, 326, 332, 333, 334, 345, 346, 347, 349, 350, 352, 353, 354, 356, 358, 360, 369, 376, 384, 385, 387, 390, 391, 392, 394, 449, 451, 501, 503, 511, 512, 513, 514, 515, 517, 518, 520, 522, 531, 538, 539, 542, 543, 544, 545, 546, 547, 548, 549, 550, 551, 553, 560, 561, 579, 581, 583, 585, 594, 598, 605, 612, 613, 616, 617, 620, 622, 624, 633, 634, 636, 640, 649, 651, 652, 654, 656, 658, 659, 660], "excluded_lines": []}, "model-definitions/scripts/configmodeler/modeler.py": {"executed_lines": [], "summary": {"covered_lines": 0, "num_statements": 51, "percent_covered": 0.0, "percent_covered_display": "0", "missing_lines": 51, "excluded_lines": 0}, "missing_lines": [1, 2, 3, 4, 5, 6, 7, 10, 11, 17, 18, 19, 20, 21, 22, 23, 29, 34, 35, 36, 37, 39, 40, 42, 43, 45, 46, 47, 48, 51, 52, 53, 54, 55, 56, 57, 58, 59, 66, 71, 72, 73, 76, 83, 85, 89, 90, 98, 101, 102, 103], "excluded_lines": []}, "model-definitions/scripts/configmodeler/rad.py": {"executed_lines": [], "summary": {"covered_lines": 0, "num_statements": 130, "percent_covered": 0.0, "percent_covered_display": "0", "missing_lines": 130, "excluded_lines": 0}, "missing_lines": [1, 2, 3, 4, 7, 8, 15, 16, 17, 18, 19, 20, 21, 22, 23, 24, 25, 26, 27, 29, 30, 31, 34, 39, 41, 42, 43, 44, 45, 46, 47, 48, 49, 50, 51, 52, 53, 54, 55, 56, 58, 66, 68, 141, 240, 241, 243, 249, 250, 251, 252, 255, 256, 259, 260, 263, 266, 267, 270, 274, 276, 277, 324, 367, 372, 380, 381, 382, 384, 392, 394, 400, 401, 407, 408, 415, 422, 432, 433, 435, 440, 442, 450, 452, 453, 458, 460, 462, 463, 465, 466, 471, 473, 477, 488, 489, 494, 495, 504, 505, 507, 509, 526, 527, 528, 529, 530, 531, 532, 533, 534, 536, 538, 557, 559, 561, 562, 563, 564, 566, 567, 569, 570, 572, 605, 607, 625, 626, 637, 639], "excluded_lines": []}, "model-definitions/scripts/configmodeler/utils.py": {"executed_lines": [], "summary": {"covered_lines": 0, "num_statements": 39, "percent_covered": 0.0, "percent_covered_display": "0", "missing_lines": 39, "excluded_lines": 0}, "missing_lines": [8, 9, 10, 12, 26, 27, 28, 29, 30, 31, 32, 33, 34, 36, 37, 38, 39, 40, 42, 44, 46, 59, 60, 61, 62, 63, 64, 66, 67, 68, 69, 70, 72, 74, 76, 78, 86, 87, 89], "excluded_lines": []}, "model-definitions/scripts/cpeActivator/__init__.py": {"executed_lines": [], "summary": {"covered_lines": 0, "num_statements": 0, "percent_covered": 100.0, "percent_covered_display": "100", "missing_lines": 0, "excluded_lines": 0}, "missing_lines": [], "excluded_lines": []}, "model-definitions/scripts/cpeActivator/baseConfig.py": {"executed_lines": [], "summary": {"covered_lines": 0, "num_statements": 290, "percent_covered": 0.0, "percent_covered_display": "0", "missing_lines": 290, "excluded_lines": 0}, "missing_lines": [9, 10, 11, 14, 15, 16, 17, 20, 21, 22, 23, 24, 25, 26, 27, 28, 31, 32, 33, 34, 35, 36, 39, 40, 43, 44, 45, 46, 47, 48, 49, 51, 52, 53, 56, 57, 60, 61, 62, 63, 64, 65, 66, 68, 69, 70, 71, 74, 75, 76, 77, 78, 79, 80, 83, 85, 86, 87, 88, 90, 91, 92, 93, 94, 95, 99, 100, 102, 103, 104, 109, 110, 113, 114, 115, 118, 119, 120, 122, 123, 124, 125, 126, 128, 130, 133, 138, 139, 140, 141, 142, 143, 144, 145, 147, 150, 151, 152, 153, 154, 155, 157, 158, 159, 160, 161, 162, 163, 164, 165, 166, 168, 172, 180, 181, 183, 185, 186, 187, 188, 189, 191, 192, 194, 195, 197, 200, 201, 203, 204, 206, 207, 208, 210, 211, 212, 213, 215, 216, 217, 218, 220, 221, 224, 225, 226, 227, 229, 230, 232, 233, 234, 235, 236, 237, 238, 239, 240, 242, 243, 244, 246, 249, 250, 251, 252, 253, 254, 255, 256, 258, 259, 260, 262, 263, 264, 266, 267, 268, 270, 271, 272, 274, 275, 276, 278, 279, 280, 281, 282, 284, 285, 286, 287, 288, 291, 292, 293, 294, 295, 296, 299, 300, 302, 303, 305, 307, 309, 311, 312, 313, 315, 317, 318, 320, 322, 325, 326, 327, 328, 329, 330, 331, 332, 333, 334, 335, 336, 337, 338, 339, 341, 342, 344, 345, 346, 347, 348, 349, 351, 353, 356, 357, 360, 361, 387, 388, 391, 394, 396, 397, 398, 400, 402, 403, 404, 407, 420, 421, 422, 423, 424, 425, 426, 427, 428, 431, 432, 433, 436, 439, 440, 441, 442, 443, 445, 448, 449, 451, 452, 453, 454, 455, 456, 457, 458, 459, 461, 463, 465], "excluded_lines": []}, "model-definitions/scripts/cpeActivator/cpeActivator.py": {"executed_lines": [], "summary": {"covered_lines": 0, "num_statements": 595, "percent_covered": 0.0, "percent_covered_display": "0", "missing_lines": 595, "excluded_lines": 0}, "missing_lines": [10, 11, 12, 13, 14, 15, 16, 17, 18, 21, 62, 63, 66, 70, 71, 72, 74, 75, 76, 77, 78, 79, 81, 82, 84, 85, 86, 88, 89, 92, 95, 96, 99, 100, 102, 103, 104, 106, 107, 108, 109, 111, 112, 114, 115, 116, 117, 122, 123, 125, 126, 127, 128, 129, 130, 131, 136, 141, 142, 143, 144, 145, 146, 147, 148, 149, 150, 151, 152, 153, 154, 155, 156, 161, 163, 164, 165, 170, 171, 173, 174, 175, 179, 180, 181, 182, 183, 185, 186, 187, 188, 189, 191, 192, 194, 196, 197, 200, 208, 209, 211, 212, 214, 215, 216, 218, 219, 220, 221, 223, 224, 226, 227, 229, 230, 231, 234, 235, 236, 238, 239, 241, 243, 244, 245, 246, 248, 249, 250, 251, 253, 256, 257, 258, 261, 264, 269, 270, 272, 273, 275, 276, 277, 279, 280, 286, 289, 290, 292, 294, 295, 296, 298, 300, 302, 303, 310, 317, 318, 320, 321, 324, 325, 326, 327, 328, 329, 337, 340, 343, 345, 346, 347, 350, 351, 353, 354, 358, 359, 360, 363, 364, 366, 367, 368, 370, 371, 374, 375, 377, 378, 379, 384, 385, 387, 388, 389, 390, 391, 392, 393, 395, 397, 398, 406, 411, 416, 417, 419, 420, 421, 423, 426, 427, 434, 436, 437, 439, 443, 444, 446, 447, 448, 450, 451, 456, 460, 461, 463, 465, 466, 467, 468, 470, 473, 474, 476, 481, 482, 485, 488, 490, 491, 492, 494, 496, 499, 500, 502, 503, 504, 505, 507, 508, 509, 510, 512, 513, 514, 519, 521, 522, 523, 524, 525, 526, 527, 528, 529, 531, 532, 534, 535, 536, 537, 538, 540, 541, 542, 544, 545, 547, 556, 558, 559, 560, 561, 570, 571, 572, 574, 575, 577, 582, 586, 587, 588, 598, 602, 603, 604, 609, 613, 614, 615, 616, 624, 628, 629, 630, 639, 643, 644, 645, 654, 655, 659, 660, 661, 662, 663, 664, 665, 666, 667, 669, 670, 675, 680, 681, 682, 683, 684, 689, 690, 693, 694, 695, 701, 702, 703, 707, 710, 711, 722, 723, 724, 725, 726, 727, 728, 729, 730, 731, 732, 733, 734, 735, 736, 738, 739, 741, 743, 744, 745, 746, 747, 749, 751, 752, 753, 754, 756, 757, 758, 759, 760, 761, 762, 763, 764, 765, 769, 770, 775, 777, 779, 781, 783, 785, 787, 788, 789, 791, 792, 793, 794, 796, 797, 801, 802, 803, 805, 806, 807, 808, 810, 812, 814, 815, 816, 817, 819, 820, 822, 823, 824, 825, 826, 836, 837, 841, 842, 845, 846, 847, 848, 849, 850, 851, 852, 858, 859, 860, 862, 863, 864, 865, 866, 867, 868, 869, 870, 872, 873, 875, 876, 877, 878, 879, 880, 881, 882, 883, 885, 886, 887, 890, 891, 892, 893, 894, 896, 897, 898, 899, 900, 901, 903, 904, 905, 907, 908, 910, 911, 912, 914, 915, 916, 918, 919, 926, 928, 929, 930, 931, 932, 936, 937, 938, 940, 941, 942, 944, 945, 946, 947, 948, 952, 953, 954, 956, 957, 958, 960, 961, 963, 964, 971, 973, 974, 976, 977, 978, 979, 980, 982, 983, 984, 985, 986, 987, 992, 994, 996, 998, 999, 1002, 1003, 1004, 1006, 1007, 1008, 1010, 1011, 1012, 1013, 1015, 1016, 1023, 1024, 1025, 1027, 1028, 1029, 1031, 1032, 1033, 1034, 1036, 1037, 1044, 1049, 1051, 1052, 1054, 1056, 1067, 1068, 1069, 1070, 1071, 1074, 1076, 1077, 1078, 1080, 1098, 1099, 1101, 1102, 1104, 1105, 1106, 1108, 1109, 1110, 1111, 1116, 1117, 1122, 1123, 1124, 1126, 1127, 1131, 1133, 1134, 1135, 1136, 1146, 1147, 1150, 1151, 1152], "excluded_lines": []}, "model-definitions/scripts/cpeActivator/versionUpgrade.py": {"executed_lines": [], "summary": {"covered_lines": 0, "num_statements": 311, "percent_covered": 0.0, "percent_covered_display": "0", "missing_lines": 311, "excluded_lines": 0}, "missing_lines": [8, 9, 10, 11, 12, 13, 16, 17, 19, 21, 23, 24, 25, 26, 27, 28, 29, 30, 31, 34, 43, 44, 45, 46, 48, 49, 53, 54, 57, 58, 60, 62, 63, 65, 66, 67, 69, 70, 74, 75, 79, 81, 82, 83, 87, 88, 90, 92, 93, 95, 96, 98, 99, 101, 103, 104, 105, 106, 107, 108, 110, 112, 117, 120, 123, 124, 125, 128, 129, 130, 133, 134, 135, 136, 137, 138, 139, 140, 142, 143, 146, 147, 151, 152, 153, 154, 155, 156, 157, 162, 163, 164, 166, 167, 168, 169, 170, 171, 173, 175, 176, 177, 178, 179, 180, 181, 183, 185, 187, 189, 191, 192, 193, 194, 195, 196, 197, 198, 200, 202, 203, 204, 205, 207, 209, 210, 211, 213, 214, 215, 216, 217, 218, 222, 223, 224, 225, 226, 230, 231, 232, 233, 234, 239, 240, 241, 242, 246, 248, 249, 250, 252, 253, 254, 255, 256, 258, 260, 261, 262, 263, 264, 265, 268, 269, 270, 271, 272, 276, 277, 278, 279, 280, 282, 284, 285, 286, 287, 288, 289, 290, 291, 292, 293, 294, 297, 298, 299, 300, 301, 303, 304, 305, 306, 307, 308, 309, 311, 313, 315, 316, 317, 318, 319, 320, 321, 322, 323, 324, 325, 326, 328, 329, 330, 331, 332, 333, 334, 336, 338, 339, 340, 341, 343, 344, 345, 346, 347, 349, 352, 353, 355, 357, 358, 359, 361, 363, 364, 365, 377, 378, 381, 383, 384, 385, 387, 388, 389, 391, 392, 395, 396, 397, 398, 399, 401, 402, 403, 404, 405, 407, 409, 411, 419, 421, 422, 423, 425, 427, 428, 430, 431, 432, 433, 434, 435, 436, 438, 439, 440, 448, 449, 450, 451, 452, 462, 464, 465, 467, 468, 470, 471, 473, 474, 475, 476, 477, 478, 480, 481, 483, 484, 505, 506, 507, 508, 510, 512, 515, 516, 517], "excluded_lines": []}, "model-definitions/scripts/cpeIpProvider/__init__.py": {"executed_lines": [], "summary": {"covered_lines": 0, "num_statements": 0, "percent_covered": 100.0, "percent_covered_display": "100", "missing_lines": 0, "excluded_lines": 0}, "missing_lines": [], "excluded_lines": []}, "model-definitions/scripts/cpeIpProvider/cpeIpProvider.py": {"executed_lines": [], "summary": {"covered_lines": 0, "num_statements": 359, "percent_covered": 0.0, "percent_covered_display": "0", "missing_lines": 359, "excluded_lines": 0}, "missing_lines": [1, 2, 3, 4, 5, 6, 9, 14, 16, 17, 18, 19, 21, 22, 25, 26, 27, 28, 30, 32, 33, 34, 35, 37, 38, 40, 41, 45, 46, 47, 48, 49, 51, 52, 54, 55, 56, 57, 59, 60, 63, 64, 66, 67, 68, 70, 71, 72, 73, 74, 76, 77, 78, 79, 82, 85, 86, 87, 88, 90, 91, 93, 94, 96, 97, 99, 100, 102, 103, 104, 106, 108, 109, 111, 112, 113, 114, 116, 117, 118, 120, 122, 123, 124, 125, 126, 128, 130, 131, 132, 133, 134, 135, 136, 137, 138, 140, 142, 143, 144, 145, 146, 147, 148, 150, 152, 153, 154, 155, 157, 159, 161, 162, 163, 164, 165, 166, 168, 169, 171, 172, 173, 174, 175, 178, 180, 182, 184, 185, 186, 188, 190, 191, 192, 194, 196, 198, 199, 200, 201, 202, 205, 206, 207, 209, 211, 213, 217, 218, 219, 220, 221, 222, 224, 225, 226, 236, 237, 238, 240, 241, 243, 244, 245, 246, 247, 248, 249, 250, 251, 252, 253, 254, 257, 259, 260, 261, 263, 265, 269, 271, 273, 277, 279, 280, 281, 283, 284, 285, 286, 288, 290, 294, 295, 296, 298, 299, 300, 301, 302, 303, 304, 306, 308, 310, 314, 315, 316, 317, 318, 319, 320, 321, 322, 324, 325, 326, 327, 328, 329, 330, 331, 332, 334, 337, 338, 339, 340, 341, 343, 344, 345, 346, 347, 348, 350, 351, 353, 354, 355, 357, 358, 359, 361, 368, 370, 371, 372, 373, 374, 378, 379, 380, 382, 383, 385, 386, 387, 388, 389, 393, 394, 395, 397, 398, 400, 401, 402, 403, 404, 405, 406, 407, 409, 410, 412, 416, 417, 418, 419, 421, 422, 424, 425, 428, 429, 430, 432, 433, 434, 436, 437, 438, 439, 441, 442, 443, 450, 451, 452, 454, 455, 456, 458, 459, 460, 461, 463, 464, 465, 466, 467, 468, 469, 470, 472, 474, 478, 479, 480, 481, 483, 484, 485, 487, 489, 494, 495, 497, 498, 499, 500, 502, 503, 510, 511, 512, 514, 515, 516, 518, 519, 520, 522, 523, 524, 526, 527, 529, 531, 533, 534, 535, 536, 538, 540, 543, 544, 545], "excluded_lines": []}, "model-definitions/scripts/deviceconfiguration/__init__.py": {"executed_lines": [1], "summary": {"covered_lines": 0, "num_statements": 0, "percent_covered": 100.0, "percent_covered_display": "100", "missing_lines": 0, "excluded_lines": 0}, "missing_lines": [], "excluded_lines": []}, "model-definitions/scripts/deviceconfiguration/cli_cutthrough.py": {"executed_lines": [1, 2, 3, 4, 5, 8, 9, 11, 15, 30, 54, 81, 111, 120], "summary": {"covered_lines": 14, "num_statements": 87, "percent_covered": 16.091954022988507, "percent_covered_display": "16", "missing_lines": 73, "excluded_lines": 0}, "missing_lines": [12, 16, 17, 23, 24, 25, 26, 27, 28, 31, 32, 33, 36, 37, 38, 39, 40, 43, 44, 45, 46, 47, 48, 49, 51, 52, 55, 56, 57, 58, 59, 60, 61, 62, 65, 72, 73, 74, 76, 77, 79, 83, 84, 85, 86, 87, 88, 89, 90, 91, 92, 93, 94, 95, 96, 97, 98, 99, 101, 107, 109, 112, 117, 118, 121, 122, 134, 135, 138, 139, 140, 141, 142], "excluded_lines": []}, "model-definitions/scripts/deviceconfiguration/deviceconnectivitycheck.py": {"executed_lines": [], "summary": {"covered_lines": 0, "num_statements": 55, "percent_covered": 0.0, "percent_covered_display": "0", "missing_lines": 55, "excluded_lines": 0}, "missing_lines": [16, 17, 18, 19, 20, 23, 24, 26, 28, 29, 30, 31, 33, 34, 35, 36, 37, 40, 41, 43, 44, 45, 48, 49, 50, 51, 53, 55, 56, 58, 59, 61, 63, 75, 76, 78, 79, 80, 82, 84, 85, 86, 87, 88, 89, 90, 91, 92, 93, 94, 96, 97, 98, 99, 101], "excluded_lines": []}, "model-definitions/scripts/deviceconfiguration/deviceonboarder.py": {"executed_lines": [], "summary": {"covered_lines": 0, "num_statements": 321, "percent_covered": 0.0, "percent_covered_display": "0", "missing_lines": 321, "excluded_lines": 0}, "missing_lines": [10, 11, 12, 13, 14, 15, 16, 17, 18, 21, 24, 26, 27, 28, 30, 31, 32, 33, 36, 37, 38, 39, 42, 45, 46, 47, 50, 51, 52, 53, 56, 57, 58, 61, 63, 65, 69, 70, 71, 72, 73, 75, 77, 80, 81, 82, 84, 88, 91, 94, 95, 98, 99, 100, 101, 103, 105, 111, 113, 114, 123, 124, 125, 126, 128, 129, 132, 133, 134, 140, 141, 146, 149, 151, 155, 156, 157, 159, 160, 164, 166, 168, 169, 171, 172, 173, 174, 175, 177, 179, 181, 190, 192, 193, 194, 195, 196, 198, 199, 203, 204, 205, 207, 208, 212, 213, 214, 216, 217, 219, 220, 221, 222, 223, 225, 226, 230, 234, 235, 240, 244, 247, 249, 250, 252, 253, 254, 255, 256, 257, 258, 259, 260, 261, 262, 264, 265, 266, 267, 268, 270, 273, 276, 277, 278, 279, 282, 283, 284, 285, 288, 289, 291, 292, 293, 294, 295, 296, 297, 298, 299, 300, 301, 302, 303, 305, 311, 312, 321, 322, 324, 325, 328, 330, 333, 334, 336, 349, 350, 351, 352, 353, 354, 355, 357, 358, 359, 362, 363, 364, 365, 366, 367, 368, 369, 370, 371, 372, 373, 374, 375, 376, 377, 378, 380, 381, 383, 384, 387, 390, 391, 392, 395, 396, 397, 398, 399, 400, 401, 402, 404, 405, 406, 407, 408, 409, 410, 411, 412, 417, 418, 419, 421, 422, 423, 424, 426, 427, 428, 429, 430, 431, 433, 434, 435, 436, 437, 438, 439, 440, 441, 442, 443, 444, 445, 446, 447, 449, 455, 456, 459, 460, 461, 462, 463, 464, 468, 469, 470, 471, 483, 484, 485, 486, 487, 488, 489, 490, 491, 492, 493, 496, 501, 502, 503, 504, 505, 506, 507, 512, 516, 524, 525, 527, 530, 531, 533, 535, 537, 538, 539, 540, 544, 546, 547, 548, 549, 550, 551, 552, 553, 554, 556, 558, 559, 560, 561, 562, 563, 565, 566], "excluded_lines": []}, "model-definitions/scripts/managedServicesActivator/__init__.py": {"executed_lines": [], "summary": {"covered_lines": 0, "num_statements": 0, "percent_covered": 100.0, "percent_covered_display": "100", "missing_lines": 0, "excluded_lines": 0}, "missing_lines": [], "excluded_lines": []}, "model-definitions/scripts/managedServicesActivator/customer.py": {"executed_lines": [], "summary": {"covered_lines": 0, "num_statements": 14, "percent_covered": 0.0, "percent_covered_display": "0", "missing_lines": 14, "excluded_lines": 0}, "missing_lines": [1, 2, 3, 4, 7, 8, 9, 14, 15, 17, 18, 21, 22, 23], "excluded_lines": []}, "model-definitions/scripts/managedServicesActivator/datastore.py": {"executed_lines": [], "summary": {"covered_lines": 0, "num_statements": 9, "percent_covered": 0.0, "percent_covered_display": "0", "missing_lines": 9, "excluded_lines": 0}, "missing_lines": [1, 2, 3, 6, 7, 8, 11, 12, 13], "excluded_lines": []}, "model-definitions/scripts/managedServicesActivator/fortinet/__init__.py": {"executed_lines": [], "summary": {"covered_lines": 0, "num_statements": 0, "percent_covered": 100.0, "percent_covered_display": "100", "missing_lines": 0, "excluded_lines": 0}, "missing_lines": [], "excluded_lines": []}, "model-definitions/scripts/managedServicesActivator/fortinet/managedServicesFortiAnalyzer.py": {"executed_lines": [], "summary": {"covered_lines": 0, "num_statements": 9, "percent_covered": 0.0, "percent_covered_display": "0", "missing_lines": 9, "excluded_lines": 0}, "missing_lines": [1, 4, 5, 6, 7, 9, 12, 13, 14], "excluded_lines": []}, "model-definitions/scripts/managedServicesActivator/fortinet/managedServicesFortiManager.py": {"executed_lines": [], "summary": {"covered_lines": 0, "num_statements": 10, "percent_covered": 0.0, "percent_covered_display": "0", "missing_lines": 10, "excluded_lines": 0}, "missing_lines": [1, 4, 5, 6, 7, 8, 10, 13, 14, 15], "excluded_lines": []}, "model-definitions/scripts/managedServicesActivator/fortinet/managedServicesFortiPortal.py": {"executed_lines": [], "summary": {"covered_lines": 0, "num_statements": 9, "percent_covered": 0.0, "percent_covered_display": "0", "missing_lines": 9, "excluded_lines": 0}, "missing_lines": [1, 4, 5, 6, 8, 10, 13, 14, 15], "excluded_lines": []}, "model-definitions/scripts/managedServicesActivator/managedRPHY.py": {"executed_lines": [], "summary": {"covered_lines": 0, "num_statements": 182, "percent_covered": 0.0, "percent_covered_display": "0", "missing_lines": 182, "excluded_lines": 0}, "missing_lines": [1, 2, 3, 4, 5, 8, 26, 27, 28, 31, 32, 33, 34, 35, 36, 37, 39, 40, 41, 42, 43, 44, 45, 46, 47, 48, 49, 50, 51, 53, 54, 56, 57, 58, 59, 60, 61, 62, 63, 64, 65, 67, 68, 69, 70, 71, 72, 73, 74, 75, 76, 78, 79, 80, 81, 82, 83, 84, 85, 86, 87, 88, 89, 90, 91, 92, 94, 95, 96, 97, 98, 99, 100, 101, 102, 103, 104, 105, 106, 107, 108, 109, 111, 112, 113, 114, 115, 116, 117, 118, 119, 120, 121, 122, 123, 124, 126, 128, 129, 130, 131, 132, 133, 134, 136, 137, 139, 141, 147, 155, 156, 157, 158, 159, 161, 162, 163, 164, 172, 174, 178, 180, 181, 182, 183, 184, 189, 190, 191, 192, 193, 194, 195, 196, 198, 199, 200, 201, 202, 204, 205, 208, 210, 211, 212, 213, 214, 215, 216, 217, 218, 225, 227, 228, 229, 230, 231, 232, 233, 234, 236, 237, 239, 240, 241, 242, 243, 244, 245, 247, 248, 249, 250, 251, 252, 253, 255, 263, 264, 265, 268, 269], "excluded_lines": []}, "model-definitions/scripts/managedServicesActivator/managedRouterFirmwareUpdater.py": {"executed_lines": [], "summary": {"covered_lines": 0, "num_statements": 134, "percent_covered": 0.0, "percent_covered_display": "0", "missing_lines": 134, "excluded_lines": 0}, "missing_lines": [1, 2, 3, 4, 5, 8, 11, 12, 21, 22, 23, 24, 27, 28, 29, 30, 31, 32, 33, 34, 35, 38, 39, 40, 41, 42, 43, 44, 45, 46, 47, 49, 50, 51, 52, 53, 56, 57, 58, 59, 60, 61, 69, 70, 71, 72, 73, 74, 75, 76, 77, 78, 79, 80, 82, 90, 91, 92, 93, 94, 96, 102, 103, 104, 106, 107, 108, 110, 118, 120, 122, 123, 124, 126, 127, 128, 129, 130, 131, 132, 134, 135, 136, 138, 140, 141, 143, 145, 146, 147, 148, 149, 150, 151, 161, 162, 163, 164, 166, 167, 168, 170, 171, 172, 173, 174, 175, 176, 177, 178, 179, 180, 181, 182, 185, 187, 188, 189, 190, 192, 193, 194, 196, 198, 199, 200, 201, 212, 213, 214, 215, 218, 219, 220], "excluded_lines": []}, "model-definitions/scripts/managedServicesActivator/managedRouterFirmwareValidator.py": {"executed_lines": [], "summary": {"covered_lines": 0, "num_statements": 104, "percent_covered": 0.0, "percent_covered_display": "0", "missing_lines": 104, "excluded_lines": 0}, "missing_lines": [1, 2, 3, 4, 5, 8, 9, 16, 17, 18, 19, 20, 23, 24, 25, 26, 27, 28, 29, 30, 33, 34, 35, 36, 37, 38, 39, 40, 43, 44, 45, 46, 47, 48, 49, 50, 52, 53, 54, 55, 57, 70, 72, 74, 75, 76, 78, 79, 80, 81, 82, 83, 84, 86, 87, 88, 90, 92, 93, 95, 97, 98, 99, 100, 101, 102, 103, 113, 114, 115, 116, 118, 119, 121, 122, 123, 124, 125, 126, 127, 128, 129, 130, 131, 132, 135, 137, 138, 139, 140, 142, 143, 144, 146, 148, 149, 150, 151, 152, 162, 163, 164, 167, 168], "excluded_lines": []}, "model-definitions/scripts/managedServicesActivator/managedRouterServicesActivator.py": {"executed_lines": [], "summary": {"covered_lines": 0, "num_statements": 235, "percent_covered": 0.0, "percent_covered_display": "0", "missing_lines": 235, "excluded_lines": 0}, "missing_lines": [1, 2, 3, 4, 5, 6, 7, 10, 11, 14, 29, 30, 31, 32, 33, 34, 35, 36, 37, 38, 39, 40, 43, 44, 45, 46, 47, 48, 51, 52, 53, 54, 55, 56, 57, 58, 59, 60, 61, 62, 63, 64, 65, 66, 67, 70, 71, 72, 73, 74, 75, 76, 77, 78, 79, 80, 83, 84, 85, 86, 87, 88, 89, 90, 91, 92, 93, 98, 99, 222, 223, 224, 225, 226, 227, 228, 229, 230, 235, 236, 239, 240, 241, 242, 243, 244, 245, 246, 247, 248, 249, 254, 255, 258, 259, 260, 261, 262, 263, 264, 265, 266, 267, 268, 269, 274, 275, 278, 279, 280, 281, 282, 283, 284, 285, 286, 287, 288, 290, 296, 300, 301, 302, 303, 305, 306, 307, 308, 309, 311, 314, 316, 320, 328, 329, 331, 344, 346, 348, 349, 350, 352, 353, 354, 355, 356, 357, 358, 360, 361, 363, 364, 367, 368, 369, 370, 371, 372, 373, 386, 387, 388, 389, 392, 393, 394, 397, 398, 399, 400, 401, 402, 403, 404, 405, 406, 407, 408, 411, 414, 416, 418, 419, 421, 422, 423, 425, 427, 439, 440, 442, 443, 444, 445, 446, 447, 449, 451, 452, 454, 455, 456, 458, 460, 492, 493, 494, 506, 507, 508, 509, 510, 511, 513, 515, 528, 529, 533, 534, 535, 536, 538, 539, 540, 541, 542, 544, 545, 546, 547, 548, 550, 552, 555, 556], "excluded_lines": []}, "model-definitions/scripts/managedServicesActivator/managedSecurityServices.py": {"executed_lines": [], "summary": {"covered_lines": 0, "num_statements": 27, "percent_covered": 0.0, "percent_covered_display": "0", "missing_lines": 27, "excluded_lines": 0}, "missing_lines": [1, 2, 3, 6, 7, 8, 9, 11, 12, 13, 15, 17, 22, 23, 24, 25, 35, 36, 38, 40, 45, 46, 52, 63, 66, 67, 68], "excluded_lines": []}, "model-definitions/scripts/managedServicesActivator/managedServicesActivator.py": {"executed_lines": [], "summary": {"covered_lines": 0, "num_statements": 47, "percent_covered": 0.0, "percent_covered_display": "0", "missing_lines": 47, "excluded_lines": 0}, "missing_lines": [1, 2, 3, 4, 7, 13, 14, 15, 16, 17, 18, 19, 31, 32, 33, 34, 35, 39, 40, 44, 45, 46, 49, 50, 51, 52, 53, 56, 57, 59, 73, 74, 75, 76, 77, 78, 79, 80, 81, 82, 83, 84, 85, 86, 87, 90, 91], "excluded_lines": []}, "model-definitions/scripts/managedServicesActivator/merakiServices/MerakiAcceptance.py": {"executed_lines": [], "summary": {"covered_lines": 0, "num_statements": 255, "percent_covered": 0.0, "percent_covered_display": "0", "missing_lines": 255, "excluded_lines": 0}, "missing_lines": [1, 2, 3, 4, 5, 8, 9, 10, 12, 13, 15, 16, 18, 19, 22, 25, 26, 28, 29, 30, 31, 34, 35, 39, 42, 49, 50, 51, 52, 53, 54, 55, 56, 57, 58, 59, 60, 61, 62, 63, 64, 69, 72, 85, 86, 87, 88, 89, 90, 91, 93, 94, 95, 96, 97, 100, 101, 103, 104, 105, 106, 107, 108, 110, 112, 113, 114, 115, 116, 117, 118, 120, 121, 122, 123, 125, 126, 128, 132, 133, 134, 135, 136, 137, 138, 139, 140, 141, 142, 143, 144, 147, 149, 150, 151, 152, 153, 154, 155, 156, 157, 159, 160, 161, 162, 164, 175, 176, 177, 178, 184, 186, 187, 188, 189, 190, 191, 193, 199, 205, 206, 207, 208, 209, 210, 211, 212, 213, 215, 217, 218, 219, 220, 221, 224, 229, 230, 231, 232, 233, 236, 238, 246, 262, 263, 265, 266, 267, 268, 271, 272, 274, 277, 278, 279, 281, 283, 286, 287, 289, 291, 296, 297, 298, 300, 301, 302, 304, 305, 308, 313, 322, 324, 325, 326, 327, 332, 333, 334, 336, 337, 339, 341, 342, 343, 345, 346, 352, 353, 354, 360, 361, 369, 370, 373, 375, 380, 381, 382, 383, 384, 385, 386, 387, 388, 389, 395, 396, 398, 403, 404, 405, 406, 407, 408, 409, 410, 412, 413, 414, 415, 416, 417, 418, 420, 425, 426, 427, 428, 429, 430, 431, 432, 433, 435, 436, 437, 439, 445, 446, 447, 448, 449, 450, 451, 452, 458, 459, 460, 461, 465, 466, 469, 470, 471], "excluded_lines": []}, "model-definitions/scripts/managedServicesActivator/merakiServices/MerakiClaimDevice.py": {"executed_lines": [], "summary": {"covered_lines": 0, "num_statements": 146, "percent_covered": 0.0, "percent_covered_display": "0", "missing_lines": 146, "excluded_lines": 0}, "missing_lines": [1, 2, 3, 6, 7, 8, 11, 12, 13, 14, 15, 16, 17, 18, 19, 25, 26, 27, 28, 31, 33, 34, 35, 38, 41, 42, 47, 48, 49, 50, 51, 52, 53, 54, 57, 58, 60, 61, 63, 64, 65, 69, 70, 72, 75, 76, 77, 78, 79, 80, 81, 82, 83, 85, 86, 88, 90, 93, 96, 98, 99, 100, 101, 102, 103, 104, 105, 106, 107, 108, 109, 110, 111, 114, 115, 118, 120, 121, 122, 123, 124, 126, 127, 128, 132, 133, 135, 136, 137, 138, 139, 143, 144, 145, 146, 148, 149, 150, 151, 155, 156, 157, 158, 160, 161, 162, 163, 164, 166, 167, 168, 169, 170, 172, 173, 174, 179, 180, 183, 184, 188, 189, 190, 194, 195, 196, 200, 201, 202, 206, 207, 209, 211, 212, 217, 223, 224, 225, 226, 227, 230, 231, 232, 235, 236, 237], "excluded_lines": []}, "model-definitions/scripts/managedServicesActivator/merakiServices/MerakiCompliance.py": {"executed_lines": [], "summary": {"covered_lines": 0, "num_statements": 214, "percent_covered": 0.0, "percent_covered_display": "0", "missing_lines": 214, "excluded_lines": 0}, "missing_lines": [1, 2, 3, 4, 5, 6, 7, 10, 11, 12, 14, 15, 17, 18, 20, 21, 24, 27, 28, 30, 31, 32, 33, 36, 37, 41, 44, 45, 46, 47, 48, 49, 50, 51, 52, 53, 54, 55, 56, 57, 58, 59, 60, 65, 67, 68, 69, 70, 71, 72, 73, 75, 76, 77, 78, 80, 81, 83, 94, 95, 96, 97, 98, 99, 100, 102, 103, 104, 107, 109, 114, 116, 117, 118, 119, 121, 122, 123, 124, 125, 126, 128, 133, 134, 135, 136, 137, 139, 145, 147, 148, 149, 150, 151, 152, 153, 154, 155, 156, 158, 160, 161, 164, 165, 168, 169, 170, 171, 172, 177, 179, 181, 187, 189, 190, 191, 192, 194, 195, 196, 197, 199, 200, 202, 203, 205, 208, 209, 213, 215, 219, 221, 222, 223, 224, 225, 226, 227, 230, 231, 232, 233, 238, 245, 246, 248, 249, 251, 252, 253, 254, 255, 256, 258, 260, 264, 265, 266, 267, 268, 269, 270, 271, 272, 273, 274, 275, 276, 277, 281, 283, 284, 285, 286, 287, 288, 289, 290, 291, 293, 294, 295, 296, 298, 309, 310, 311, 312, 318, 320, 321, 322, 323, 324, 325, 327, 333, 334, 335, 336, 339, 340, 342, 345, 346, 347, 349, 351, 354, 355, 357, 360, 361, 362], "excluded_lines": []}, "model-definitions/scripts/managedServicesActivator/merakiServices/__init__.py": {"executed_lines": [], "summary": {"covered_lines": 0, "num_statements": 0, "percent_covered": 100.0, "percent_covered_display": "100", "missing_lines": 0, "excluded_lines": 0}, "missing_lines": [], "excluded_lines": []}, "model-definitions/scripts/managedServicesActivator/merakiServices/merakiServices.py": {"executed_lines": [], "summary": {"covered_lines": 0, "num_statements": 99, "percent_covered": 0.0, "percent_covered_display": "0", "missing_lines": 99, "excluded_lines": 0}, "missing_lines": [1, 2, 3, 4, 5, 6, 9, 10, 18, 19, 21, 23, 26, 27, 29, 30, 31, 32, 33, 36, 37, 39, 40, 42, 43, 49, 52, 53, 54, 58, 60, 61, 63, 64, 65, 66, 68, 69, 71, 72, 75, 76, 77, 78, 80, 81, 85, 86, 91, 94, 96, 97, 98, 99, 104, 108, 109, 110, 112, 113, 114, 115, 116, 117, 118, 122, 123, 124, 125, 127, 134, 135, 140, 142, 146, 147, 148, 150, 153, 155, 156, 157, 158, 161, 162, 163, 164, 165, 166, 167, 169, 173, 174, 177, 180, 181, 184, 185, 186], "excluded_lines": []}, "model-definitions/scripts/managedServicesActivator/merakiServices/merakidashboard.py": {"executed_lines": [], "summary": {"covered_lines": 0, "num_statements": 651, "percent_covered": 0.0, "percent_covered_display": "0", "missing_lines": 651, "excluded_lines": 0}, "missing_lines": [1, 2, 3, 4, 7, 8, 9, 10, 11, 12, 17, 18, 19, 21, 22, 23, 24, 25, 27, 33, 39, 40, 41, 42, 43, 45, 46, 47, 52, 55, 97, 105, 106, 107, 108, 113, 115, 118, 119, 120, 123, 124, 125, 126, 127, 128, 129, 130, 133, 134, 135, 136, 138, 140, 141, 142, 144, 146, 147, 148, 149, 151, 153, 154, 155, 156, 159, 162, 165, 167, 170, 171, 174, 176, 181, 182, 185, 186, 187, 190, 191, 193, 194, 195, 196, 197, 198, 199, 200, 201, 202, 203, 204, 205, 206, 207, 208, 209, 210, 213, 214, 216, 218, 220, 221, 222, 223, 224, 226, 227, 228, 229, 232, 233, 234, 235, 236, 237, 239, 241, 242, 243, 244, 245, 246, 247, 248, 250, 258, 259, 260, 261, 262, 263, 264, 265, 266, 271, 272, 275, 276, 281, 282, 285, 286, 287, 288, 289, 290, 294, 295, 297, 298, 299, 304, 305, 307, 309, 311, 312, 314, 315, 317, 318, 320, 325, 328, 329, 330, 331, 332, 334, 335, 337, 338, 368, 369, 370, 371, 372, 374, 375, 377, 379, 381, 382, 383, 384, 385, 386, 387, 388, 389, 390, 391, 392, 394, 396, 397, 398, 399, 401, 402, 404, 405, 406, 408, 409, 410, 411, 412, 414, 415, 416, 417, 418, 419, 421, 425, 426, 427, 433, 436, 437, 438, 439, 440, 442, 443, 444, 445, 446, 447, 448, 449, 451, 452, 453, 454, 455, 456, 457, 458, 460, 461, 462, 463, 464, 465, 466, 467, 469, 470, 471, 472, 473, 474, 475, 477, 478, 479, 480, 481, 482, 483, 485, 486, 487, 488, 490, 491, 492, 493, 494, 495, 496, 497, 499, 500, 501, 504, 505, 506, 507, 508, 509, 510, 512, 514, 515, 516, 517, 518, 520, 521, 522, 523, 524, 527, 528, 529, 532, 534, 536, 537, 541, 542, 546, 547, 548, 549, 550, 552, 553, 554, 555, 556, 557, 558, 559, 561, 562, 563, 564, 565, 566, 568, 570, 571, 572, 719, 720, 721, 722, 723, 724, 726, 727, 730, 731, 733, 734, 735, 736, 737, 740, 742, 743, 744, 745, 746, 747, 749, 750, 751, 752, 753, 754, 755, 756, 757, 758, 761, 762, 765, 766, 767, 769, 775, 781, 782, 783, 784, 787, 788, 789, 790, 795, 796, 799, 800, 806, 808, 809, 810, 815, 816, 817, 819, 820, 821, 822, 823, 824, 826, 827, 828, 829, 830, 834, 835, 836, 839, 840, 841, 842, 845, 846, 851, 853, 854, 857, 860, 861, 862, 863, 864, 865, 866, 870, 872, 873, 877, 878, 879, 881, 882, 883, 893, 894, 895, 896, 898, 899, 902, 903, 904, 905, 906, 907, 908, 909, 910, 912, 913, 914, 915, 916, 917, 919, 920, 923, 924, 925, 926, 927, 928, 929, 930, 931, 935, 936, 937, 939, 945, 946, 947, 949, 950, 953, 955, 956, 957, 958, 959, 960, 961, 964, 965, 966, 967, 968, 969, 970, 971, 972, 973, 976, 977, 982, 983, 984, 985, 987, 988, 989, 990, 991, 992, 994, 995, 996, 999, 1000, 1001, 1003, 1004, 1005, 1009, 1010, 1011, 1012, 1014, 1015, 1016, 1020, 1021, 1022, 1026, 1027, 1028, 1029, 1037, 1040, 1045, 1046, 1049, 1050, 1054, 1056, 1058, 1059, 1060, 1061, 1062, 1064, 1066, 1067, 1068, 1069, 1070, 1072, 1073, 1074, 1075, 1076, 1078, 1080, 1081, 1082, 1083, 1084, 1085, 1086, 1087, 1089, 1093, 1094, 1095, 1097, 1101, 1102, 1103, 1106, 1107, 1109, 1110, 1111, 1112, 1113, 1115, 1116, 1117, 1118, 1120, 1121, 1122, 1123, 1124, 1126, 1127, 1128, 1129, 1130, 1131, 1133, 1134, 1136, 1137, 1138, 1139, 1140, 1141, 1142, 1144, 1145, 1146, 1153, 1162, 1163, 1164, 1170, 1176, 1177, 1178, 1179, 1180, 1181, 1182, 1183, 1186, 1187, 1190, 1191, 1194, 1196, 1197, 1198, 1203, 1204, 1205, 1208, 1209, 1210, 1211, 1214, 1217, 1218, 1221, 1223, 1224, 1226, 1227, 1341, 1343, 1344, 1345, 1346, 1347, 1349, 1350, 1351, 1352, 1353, 1358, 1360, 1361, 1362, 1364, 1369, 1421], "excluded_lines": []}, "model-definitions/scripts/nagiostests/__init__.py": {"executed_lines": [], "summary": {"covered_lines": 0, "num_statements": 0, "percent_covered": 100.0, "percent_covered_display": "100", "missing_lines": 0, "excluded_lines": 0}, "missing_lines": [], "excluded_lines": []}, "model-definitions/scripts/nagiostests/nagiostests.py": {"executed_lines": [], "summary": {"covered_lines": 0, "num_statements": 14, "percent_covered": 0.0, "percent_covered_display": "0", "missing_lines": 14, "excluded_lines": 0}, "missing_lines": [1, 2, 3, 4, 7, 8, 10, 11, 12, 15, 16, 17, 18, 20], "excluded_lines": []}, "model-definitions/scripts/nagiostests/update_results.py": {"executed_lines": [], "summary": {"covered_lines": 0, "num_statements": 14, "percent_covered": 0.0, "percent_covered_display": "0", "missing_lines": 14, "excluded_lines": 0}, "missing_lines": [4, 7, 8, 9, 10, 12, 19, 21, 23, 24, 25, 26, 28, 30], "excluded_lines": []}, "model-definitions/scripts/networkservice/__init__.py": {"executed_lines": [1], "summary": {"covered_lines": 0, "num_statements": 0, "percent_covered": 100.0, "percent_covered_display": "100", "missing_lines": 0, "excluded_lines": 0}, "missing_lines": [], "excluded_lines": []}, "model-definitions/scripts/networkservice/businesslogic.py": {"executed_lines": [1, 10, 11, 12, 13, 14, 15, 16, 17, 18, 21, 22, 33, 43, 49, 83, 84, 86, 92, 94, 95, 96, 97, 104, 107, 108, 109, 121, 122, 123, 125, 126, 135, 137, 141, 143, 149, 150, 152, 156, 158, 164, 165, 166, 167, 178, 185, 186, 187, 189, 191, 192, 193, 194, 197, 198, 199, 208, 213, 229, 231, 237, 238, 246, 251, 253, 254, 256, 258, 271, 277, 282, 283, 284, 285, 287, 289, 308, 315, 316, 317, 318, 319, 320, 322, 325, 327, 345, 352, 354, 355, 356, 357, 358, 361, 362, 367, 368, 371, 372, 373, 375, 377, 404, 410, 412, 413, 414, 415, 418, 421, 425, 426, 427, 429, 430, 431, 432, 433, 434, 435, 437, 438, 439, 440, 441, 442, 443, 482, 491, 556, 602, 609, 611, 613, 634, 647, 650, 651, 652, 653, 654, 656, 657, 660, 661, 663, 702, 708, 734, 751, 759, 762, 763, 764, 766, 767, 768, 769, 770, 771, 772, 775, 776, 779, 782, 783, 785, 787, 807, 809, 813, 815, 820, 821, 822, 825, 827, 828, 845, 846, 848, 868, 915, 937, 945, 946, 947, 948, 949, 950, 951, 952, 953, 958, 959, 960, 961, 966, 967, 968, 969, 970, 971, 972, 973, 977, 978, 979, 980, 981, 984, 986, 988, 1097, 1111, 1117, 1118, 1119, 1120, 1122, 1124, 1137, 1146, 1154, 1168, 1247, 1286, 1290, 1312, 1323, 1328, 1467, 1472, 1574], "summary": {"covered_lines": 233, "num_statements": 799, "percent_covered": 29.161451814768462, "percent_covered_display": "29", "missing_lines": 566, "excluded_lines": 0}, "missing_lines": [98, 99, 102, 105, 106, 110, 112, 113, 116, 119, 124, 127, 131, 134, 168, 169, 170, 173, 175, 179, 180, 183, 203, 204, 210, 211, 214, 215, 216, 220, 221, 225, 226, 227, 239, 240, 241, 244, 263, 264, 266, 267, 269, 296, 297, 298, 299, 300, 301, 303, 306, 331, 332, 333, 334, 335, 339, 340, 343, 363, 366, 379, 380, 382, 383, 387, 389, 394, 396, 397, 399, 400, 402, 423, 453, 466, 470, 471, 472, 476, 477, 480, 483, 484, 489, 492, 493, 494, 495, 496, 497, 502, 503, 504, 506, 517, 530, 532, 545, 557, 558, 559, 560, 561, 562, 564, 565, 566, 567, 577, 588, 590, 592, 607, 624, 625, 626, 627, 629, 630, 632, 665, 667, 668, 670, 672, 673, 674, 675, 676, 678, 679, 681, 682, 688, 689, 690, 696, 697, 699, 700, 703, 704, 705, 706, 710, 711, 712, 714, 716, 720, 721, 724, 725, 726, 728, 730, 731, 732, 740, 741, 742, 743, 744, 745, 746, 747, 749, 773, 792, 794, 795, 796, 797, 798, 799, 801, 805, 810, 811, 832, 853, 855, 856, 857, 858, 859, 860, 862, 866, 874, 875, 876, 877, 878, 879, 880, 881, 882, 883, 885, 886, 887, 888, 889, 890, 892, 893, 894, 895, 896, 897, 898, 899, 900, 901, 903, 904, 905, 906, 907, 908, 909, 911, 913, 922, 923, 924, 925, 926, 927, 928, 929, 930, 931, 932, 933, 935, 955, 963, 964, 974, 975, 982, 983, 1019, 1026, 1027, 1028, 1029, 1030, 1031, 1032, 1033, 1034, 1036, 1037, 1038, 1039, 1040, 1041, 1043, 1044, 1045, 1046, 1047, 1048, 1049, 1051, 1052, 1053, 1054, 1056, 1057, 1058, 1059, 1061, 1062, 1063, 1065, 1066, 1067, 1068, 1069, 1070, 1071, 1073, 1074, 1075, 1076, 1077, 1079, 1080, 1082, 1083, 1084, 1085, 1086, 1088, 1089, 1090, 1091, 1092, 1094, 1095, 1102, 1103, 1104, 1105, 1106, 1107, 1109, 1130, 1143, 1144, 1150, 1152, 1158, 1159, 1160, 1161, 1162, 1163, 1164, 1165, 1166, 1187, 1188, 1189, 1190, 1191, 1192, 1194, 1195, 1196, 1198, 1199, 1201, 1203, 1205, 1206, 1207, 1208, 1213, 1216, 1218, 1219, 1220, 1224, 1228, 1229, 1232, 1233, 1237, 1241, 1242, 1245, 1260, 1261, 1262, 1263, 1265, 1266, 1267, 1269, 1270, 1271, 1273, 1274, 1275, 1277, 1279, 1280, 1281, 1283, 1284, 1287, 1288, 1293, 1294, 1295, 1296, 1297, 1298, 1299, 1300, 1301, 1303, 1305, 1306, 1307, 1310, 1313, 1315, 1316, 1317, 1319, 1321, 1324, 1325, 1326, 1334, 1335, 1336, 1337, 1340, 1342, 1343, 1344, 1345, 1346, 1349, 1351, 1352, 1353, 1354, 1357, 1359, 1360, 1361, 1362, 1363, 1366, 1368, 1369, 1370, 1371, 1374, 1376, 1377, 1378, 1379, 1380, 1383, 1387, 1388, 1389, 1390, 1393, 1394, 1402, 1403, 1404, 1407, 1409, 1410, 1411, 1414, 1416, 1417, 1418, 1421, 1423, 1424, 1425, 1426, 1429, 1431, 1432, 1433, 1434, 1435, 1438, 1439, 1448, 1449, 1452, 1455, 1456, 1457, 1458, 1462, 1465, 1468, 1469, 1470, 1479, 1481, 1482, 1483, 1484, 1486, 1487, 1505, 1506, 1507, 1508, 1510, 1511, 1512, 1513, 1516, 1517, 1518, 1519, 1520, 1523, 1525, 1527, 1528, 1529, 1530, 1531, 1532, 1535, 1537, 1538, 1539, 1540, 1543, 1545, 1548, 1549, 1550, 1551, 1552, 1555, 1556, 1558, 1560, 1561, 1563, 1564, 1565, 1566, 1569, 1572, 1579, 1581, 1582, 1583, 1584, 1585, 1586, 1587, 1588, 1590, 1591, 1592, 1593, 1594, 1595, 1596, 1597, 1599, 1600, 1601, 1602, 1603, 1604, 1605, 1606, 1608, 1609, 1611, 1612, 1616, 1617, 1619, 1620, 1621, 1624, 1626, 1627, 1628, 1631], "excluded_lines": []}, "model-definitions/scripts/networkservice/circuitdetailscollector.py": {"executed_lines": [1, 10, 11, 12, 13, 14, 15, 16, 17, 20, 21, 26, 35, 36, 37, 38, 39, 40, 41, 42, 49, 57, 58, 59, 60, 62, 63, 65, 265, 269, 270, 271, 272, 273, 274, 276, 278, 279, 280, 281, 283, 285, 295, 297, 300, 302, 303, 304, 319, 320, 321, 324, 325, 331, 332, 334, 479, 504, 527, 551, 610, 641, 671, 792, 860, 881, 906], "summary": {"covered_lines": 65, "num_statements": 472, "percent_covered": 13.771186440677965, "percent_covered_display": "14", "missing_lines": 407, "excluded_lines": 0}, "missing_lines": [66, 67, 68, 69, 70, 71, 73, 75, 76, 87, 90, 92, 94, 95, 96, 99, 100, 103, 106, 107, 110, 113, 116, 125, 128, 131, 132, 135, 138, 141, 144, 147, 150, 153, 154, 155, 156, 158, 159, 160, 161, 162, 163, 164, 167, 170, 173, 174, 191, 193, 198, 199, 200, 201, 202, 203, 204, 205, 206, 207, 208, 209, 210, 211, 212, 215, 216, 217, 219, 222, 223, 226, 227, 228, 229, 230, 231, 232, 234, 235, 236, 237, 238, 239, 240, 241, 242, 243, 245, 246, 256, 258, 259, 261, 263, 287, 288, 289, 292, 305, 308, 312, 315, 326, 327, 328, 329, 348, 350, 351, 353, 358, 359, 360, 361, 362, 363, 364, 365, 366, 367, 368, 369, 370, 371, 372, 375, 376, 380, 383, 384, 385, 386, 387, 388, 389, 390, 391, 396, 400, 403, 405, 407, 408, 409, 411, 412, 413, 416, 417, 418, 422, 425, 427, 429, 430, 432, 433, 434, 436, 441, 442, 443, 444, 445, 446, 447, 448, 449, 450, 451, 452, 453, 458, 459, 462, 463, 468, 469, 472, 473, 474, 475, 476, 477, 481, 482, 483, 488, 491, 492, 493, 494, 499, 502, 518, 519, 520, 521, 522, 524, 525, 533, 534, 536, 537, 538, 539, 540, 543, 545, 546, 549, 563, 565, 566, 567, 571, 572, 573, 574, 575, 576, 577, 578, 579, 580, 582, 583, 584, 585, 586, 590, 595, 606, 608, 621, 624, 625, 626, 627, 628, 629, 630, 631, 632, 633, 634, 635, 636, 638, 639, 654, 655, 656, 658, 659, 660, 661, 662, 663, 664, 665, 667, 668, 669, 687, 688, 689, 690, 691, 693, 694, 695, 696, 699, 700, 701, 702, 705, 707, 708, 709, 710, 711, 712, 714, 715, 716, 717, 718, 720, 721, 722, 725, 726, 727, 729, 730, 732, 733, 734, 737, 738, 739, 741, 742, 744, 745, 746, 747, 748, 750, 752, 753, 756, 757, 759, 760, 761, 762, 763, 765, 767, 768, 770, 771, 772, 775, 776, 782, 785, 786, 788, 789, 790, 804, 805, 806, 807, 809, 810, 811, 812, 813, 814, 817, 818, 819, 820, 823, 825, 827, 828, 829, 830, 831, 832, 834, 835, 836, 837, 838, 839, 840, 841, 842, 844, 845, 846, 847, 848, 849, 850, 852, 853, 854, 855, 857, 858, 870, 871, 872, 873, 874, 876, 877, 879, 891, 892, 893, 894, 895, 897, 898, 899, 902, 904, 911, 912, 913, 914, 915, 916, 917, 918, 920], "excluded_lines": []}, "model-definitions/scripts/networkservice/cpedeviceconfigvalidator.py": {"executed_lines": [], "summary": {"covered_lines": 0, "num_statements": 38, "percent_covered": 0.0, "percent_covered_display": "0", "missing_lines": 38, "excluded_lines": 0}, "missing_lines": [10, 11, 12, 15, 22, 23, 24, 25, 27, 28, 30, 31, 32, 33, 34, 36, 37, 39, 40, 44, 45, 48, 53, 54, 55, 56, 58, 59, 60, 61, 62, 70, 77, 78, 79, 82, 83, 84], "excluded_lines": []}, "model-definitions/scripts/networkservice/create_fre.py": {"executed_lines": [], "summary": {"covered_lines": 0, "num_statements": 19, "percent_covered": 0.0, "percent_covered_display": "0", "missing_lines": 19, "excluded_lines": 0}, "missing_lines": [12, 15, 16, 18, 20, 21, 22, 24, 26, 28, 67, 68, 69, 71, 74, 75, 76, 77, 82], "excluded_lines": []}, "model-definitions/scripts/networkservice/networkservice.py": {"executed_lines": [1, 10, 11, 12, 13, 14, 15, 18, 19, 26, 27, 29, 30, 32, 35, 36, 37, 38, 39, 40, 41, 42, 43, 45, 46, 48, 49, 51, 53, 54, 58, 59, 62, 63, 64, 65, 66, 75, 77, 78, 84, 85, 89, 93, 94, 98, 140, 141, 145, 149, 150, 154, 158, 159, 164, 166], "summary": {"covered_lines": 49, "num_statements": 80, "percent_covered": 61.25, "percent_covered_display": "61", "missing_lines": 31, "excluded_lines": 0}, "missing_lines": [79, 80, 81, 90, 99, 100, 101, 102, 103, 104, 106, 107, 108, 109, 110, 111, 114, 115, 125, 126, 127, 128, 129, 130, 131, 132, 133, 134, 146, 155, 167], "excluded_lines": []}, "model-definitions/scripts/networkservice/networkservicecheck.py": {"executed_lines": [1, 10, 11, 12, 13, 14, 17, 18, 23, 24, 25, 26, 28, 32, 33, 34, 35, 36, 37, 38, 39, 43, 44, 45, 46, 49, 52, 53, 54, 56, 57, 59, 60, 61, 64, 126], "summary": {"covered_lines": 34, "num_statements": 141, "percent_covered": 24.113475177304963, "percent_covered_display": "24", "missing_lines": 107, "excluded_lines": 0}, "missing_lines": [29, 30, 31, 55, 67, 70, 71, 72, 73, 75, 77, 78, 80, 81, 83, 85, 86, 89, 90, 91, 94, 96, 97, 99, 100, 103, 104, 105, 108, 109, 110, 113, 115, 116, 117, 118, 119, 122, 124, 128, 130, 131, 132, 133, 134, 135, 137, 140, 141, 144, 145, 146, 147, 150, 151, 152, 153, 154, 155, 157, 158, 159, 160, 161, 162, 182, 183, 184, 185, 186, 187, 188, 189, 190, 191, 196, 197, 198, 200, 202, 203, 204, 205, 206, 207, 208, 210, 211, 212, 217, 218, 219, 221, 224, 225, 226, 227, 228, 229, 230, 232, 233, 234, 235, 238, 239, 241], "excluded_lines": []}, "model-definitions/scripts/networkservice/networkservicecleaner.py": {"executed_lines": [], "summary": {"covered_lines": 0, "num_statements": 18, "percent_covered": 0.0, "percent_covered_display": "0", "missing_lines": 18, "excluded_lines": 0}, "missing_lines": [10, 11, 12, 13, 16, 21, 30, 31, 33, 34, 35, 37, 38, 41, 42, 50, 53, 54], "excluded_lines": []}, "model-definitions/scripts/networkservice/pedeviceconfigvalidator.py": {"executed_lines": [], "summary": {"covered_lines": 0, "num_statements": 130, "percent_covered": 0.0, "percent_covered_display": "0", "missing_lines": 130, "excluded_lines": 0}, "missing_lines": [10, 11, 12, 13, 17, 24, 26, 27, 28, 30, 31, 32, 33, 34, 35, 36, 37, 38, 39, 41, 42, 44, 45, 46, 48, 49, 50, 53, 55, 56, 57, 60, 62, 63, 65, 66, 67, 69, 70, 79, 86, 87, 88, 91, 94, 95, 96, 102, 106, 107, 108, 111, 114, 115, 116, 117, 122, 123, 124, 125, 126, 129, 130, 131, 132, 137, 140, 141, 142, 143, 144, 145, 146, 147, 148, 152, 156, 159, 160, 161, 163, 164, 165, 167, 168, 174, 178, 179, 184, 187, 189, 190, 191, 192, 202, 203, 204, 214, 215, 221, 222, 223, 232, 233, 234, 240, 242, 245, 246, 253, 254, 259, 262, 263, 265, 271, 272, 274, 275, 276, 281, 282, 284, 286, 291, 293, 295, 296, 298, 302], "excluded_lines": []}, "model-definitions/scripts/networkservice/peprovisioner.py": {"executed_lines": [], "summary": {"covered_lines": 0, "num_statements": 102, "percent_covered": 0.0, "percent_covered_display": "0", "missing_lines": 102, "excluded_lines": 0}, "missing_lines": [14, 15, 16, 17, 18, 21, 26, 34, 42, 47, 48, 59, 60, 62, 63, 70, 72, 73, 76, 79, 86, 87, 89, 91, 95, 96, 97, 99, 108, 114, 115, 116, 117, 118, 120, 122, 127, 128, 129, 131, 132, 133, 139, 143, 180, 181, 185, 186, 187, 191, 192, 197, 198, 204, 206, 207, 211, 212, 220, 223, 224, 226, 227, 229, 230, 231, 239, 241, 242, 243, 244, 245, 250, 251, 252, 253, 254, 255, 256, 260, 261, 262, 263, 264, 268, 269, 272, 274, 278, 282, 286, 287, 288, 289, 290, 291, 293, 294, 295, 296, 299, 301], "excluded_lines": []}, "model-definitions/scripts/networkservice/resourceterminator.py": {"executed_lines": [], "summary": {"covered_lines": 0, "num_statements": 20, "percent_covered": 0.0, "percent_covered_display": "0", "missing_lines": 20, "excluded_lines": 0}, "missing_lines": [10, 11, 12, 13, 16, 21, 22, 23, 25, 26, 29, 34, 35, 36, 37, 38, 39, 40, 42, 43], "excluded_lines": []}, "model-definitions/scripts/networkservice/servicedependencymodifier.py": {"executed_lines": [], "summary": {"covered_lines": 0, "num_statements": 164, "percent_covered": 0.0, "percent_covered_display": "0", "missing_lines": 164, "excluded_lines": 0}, "missing_lines": [10, 11, 12, 13, 16, 21, 22, 23, 25, 26, 27, 28, 29, 30, 31, 32, 33, 36, 37, 38, 39, 42, 43, 44, 47, 50, 53, 54, 55, 56, 57, 60, 64, 65, 66, 68, 70, 71, 72, 74, 76, 82, 83, 84, 85, 86, 87, 89, 95, 96, 97, 98, 99, 103, 104, 107, 108, 109, 111, 112, 113, 114, 116, 120, 121, 122, 124, 126, 127, 128, 129, 130, 131, 134, 135, 136, 137, 138, 139, 140, 141, 142, 143, 144, 145, 146, 147, 148, 149, 150, 151, 152, 153, 154, 155, 157, 158, 160, 161, 162, 165, 166, 167, 170, 171, 172, 173, 174, 176, 177, 178, 179, 183, 185, 186, 187, 188, 189, 193, 194, 195, 197, 198, 199, 202, 203, 205, 206, 211, 215, 216, 220, 221, 222, 224, 226, 228, 230, 233, 234, 236, 240, 241, 242, 243, 248, 251, 253, 257, 260, 261, 262, 264, 269, 271, 273, 274, 281, 282, 283, 284, 286, 289, 291], "excluded_lines": []}, "model-definitions/scripts/networkservice/servicedevicecvalidator.py": {"executed_lines": [], "summary": {"covered_lines": 0, "num_statements": 85, "percent_covered": 0.0, "percent_covered_display": "0", "missing_lines": 85, "excluded_lines": 0}, "missing_lines": [14, 15, 16, 19, 24, 25, 26, 29, 30, 32, 35, 36, 37, 38, 49, 50, 56, 65, 66, 67, 70, 71, 72, 73, 75, 76, 77, 78, 79, 80, 81, 83, 84, 85, 86, 93, 100, 101, 103, 104, 105, 108, 109, 114, 115, 116, 117, 119, 122, 124, 128, 129, 130, 131, 135, 138, 139, 144, 149, 152, 156, 157, 158, 162, 163, 165, 167, 168, 169, 170, 171, 172, 175, 178, 179, 181, 182, 191, 196, 197, 198, 200, 211, 213, 214], "excluded_lines": []}, "model-definitions/scripts/networkservice/servicedeviceonboarder.py": {"executed_lines": [], "summary": {"covered_lines": 0, "num_statements": 91, "percent_covered": 0.0, "percent_covered_display": "0", "missing_lines": 91, "excluded_lines": 0}, "missing_lines": [10, 11, 12, 13, 16, 21, 22, 23, 24, 27, 28, 30, 31, 32, 33, 36, 38, 39, 41, 42, 43, 44, 45, 46, 47, 48, 49, 50, 51, 53, 54, 55, 56, 57, 58, 60, 62, 63, 64, 65, 67, 68, 69, 70, 71, 72, 85, 86, 89, 90, 91, 95, 96, 97, 98, 99, 100, 101, 102, 105, 106, 108, 109, 110, 111, 112, 113, 114, 115, 116, 117, 118, 119, 122, 124, 126, 127, 128, 129, 130, 131, 133, 134, 136, 137, 138, 139, 142, 143, 145, 146], "excluded_lines": []}, "model-definitions/scripts/networkservice/servicedeviceprofileconfigurator.py": {"executed_lines": [], "summary": {"covered_lines": 0, "num_statements": 208, "percent_covered": 0.0, "percent_covered_display": "0", "missing_lines": 208, "excluded_lines": 0}, "missing_lines": [10, 11, 12, 15, 21, 23, 25, 26, 27, 30, 31, 33, 34, 36, 37, 38, 39, 40, 41, 42, 43, 44, 46, 48, 49, 52, 53, 54, 55, 56, 57, 58, 59, 60, 61, 62, 63, 64, 65, 67, 68, 69, 70, 71, 72, 73, 74, 75, 78, 79, 80, 81, 83, 84, 85, 86, 87, 88, 91, 93, 96, 97, 98, 99, 100, 101, 115, 118, 119, 122, 125, 126, 128, 129, 130, 131, 134, 136, 137, 138, 139, 140, 142, 143, 144, 145, 146, 154, 157, 160, 161, 162, 164, 165, 166, 169, 171, 172, 173, 174, 176, 179, 180, 182, 183, 184, 200, 201, 216, 218, 221, 223, 226, 232, 233, 234, 236, 237, 238, 244, 248, 254, 255, 257, 258, 259, 275, 276, 291, 293, 294, 297, 301, 302, 304, 305, 306, 309, 312, 314, 317, 325, 326, 328, 339, 340, 341, 342, 343, 344, 347, 348, 353, 355, 356, 360, 361, 363, 366, 368, 369, 370, 371, 372, 375, 378, 380, 421, 430, 431, 432, 434, 435, 436, 438, 439, 440, 442, 443, 444, 446, 447, 448, 450, 451, 452, 454, 455, 456, 458, 460, 461, 462, 463, 464, 465, 466, 467, 469, 470, 472, 473, 475, 476, 477, 478, 482, 484], "excluded_lines": []}, "model-definitions/scripts/networkservice/serviceelanprovisioner.py": {"executed_lines": [], "summary": {"covered_lines": 0, "num_statements": 304, "percent_covered": 0.0, "percent_covered_display": "0", "missing_lines": 304, "excluded_lines": 0}, "missing_lines": [10, 11, 12, 13, 16, 17, 23, 24, 25, 26, 27, 29, 30, 33, 35, 36, 37, 39, 40, 41, 43, 44, 45, 46, 48, 49, 50, 51, 52, 53, 54, 56, 58, 61, 62, 63, 64, 68, 72, 73, 74, 75, 76, 78, 79, 81, 82, 83, 88, 90, 94, 95, 97, 98, 99, 101, 102, 103, 105, 106, 108, 116, 117, 118, 119, 120, 121, 125, 126, 128, 129, 130, 133, 134, 135, 139, 140, 141, 143, 144, 145, 146, 148, 149, 152, 153, 155, 158, 166, 167, 182, 196, 204, 205, 206, 207, 208, 209, 213, 214, 216, 217, 218, 219, 220, 223, 224, 225, 229, 231, 232, 243, 254, 255, 257, 259, 260, 261, 262, 265, 270, 271, 272, 276, 277, 278, 279, 280, 284, 285, 286, 288, 289, 290, 292, 298, 299, 300, 303, 304, 305, 306, 310, 312, 314, 316, 317, 320, 323, 325, 326, 328, 330, 334, 335, 336, 337, 342, 349, 351, 356, 394, 395, 396, 399, 400, 401, 403, 404, 405, 407, 411, 412, 414, 416, 422, 423, 424, 427, 428, 429, 430, 434, 436, 438, 449, 450, 451, 452, 453, 455, 469, 470, 472, 473, 479, 483, 484, 485, 488, 489, 491, 493, 498, 500, 502, 503, 504, 505, 506, 507, 508, 509, 510, 531, 533, 544, 546, 550, 553, 554, 558, 559, 560, 564, 569, 571, 572, 573, 577, 578, 583, 584, 585, 586, 587, 588, 589, 591, 601, 602, 605, 606, 607, 608, 610, 612, 613, 618, 619, 620, 622, 623, 625, 627, 633, 634, 635, 636, 637, 638, 640, 641, 643, 645, 646, 647, 649, 651, 653, 664, 665, 667, 671, 673, 682, 686, 695, 696, 697, 698, 709, 718, 719, 721, 722, 734, 745, 746, 747, 748, 749, 750, 751, 752, 754, 755, 756, 757, 758, 760, 761, 762, 764], "excluded_lines": []}, "model-definitions/scripts/networkservice/servicefiaprovisioner.py": {"executed_lines": [], "summary": {"covered_lines": 0, "num_statements": 366, "percent_covered": 0.0, "percent_covered_display": "0", "missing_lines": 366, "excluded_lines": 0}, "missing_lines": [10, 11, 12, 13, 16, 21, 31, 32, 33, 34, 35, 36, 38, 39, 42, 43, 45, 46, 47, 48, 49, 50, 51, 52, 53, 56, 59, 60, 61, 62, 63, 64, 68, 69, 70, 71, 73, 74, 75, 76, 79, 81, 82, 85, 87, 88, 89, 90, 91, 92, 93, 94, 95, 96, 97, 103, 104, 105, 106, 107, 108, 109, 110, 111, 113, 114, 115, 117, 118, 119, 123, 124, 125, 130, 131, 137, 138, 148, 149, 150, 151, 152, 153, 157, 166, 167, 173, 175, 180, 182, 183, 184, 185, 186, 187, 189, 190, 191, 194, 195, 196, 199, 201, 209, 210, 211, 212, 225, 227, 236, 237, 238, 239, 242, 245, 246, 247, 248, 249, 250, 262, 266, 267, 268, 270, 271, 273, 275, 276, 277, 279, 282, 283, 284, 285, 286, 287, 288, 289, 291, 293, 295, 296, 298, 299, 301, 305, 306, 307, 308, 309, 310, 313, 315, 316, 317, 318, 319, 320, 321, 324, 325, 326, 327, 328, 329, 330, 334, 335, 338, 339, 340, 341, 344, 346, 350, 352, 353, 354, 355, 357, 358, 359, 361, 362, 364, 372, 373, 374, 375, 376, 378, 379, 380, 381, 382, 386, 387, 389, 391, 392, 394, 395, 398, 399, 400, 401, 402, 403, 404, 405, 406, 408, 409, 410, 413, 418, 422, 424, 425, 428, 429, 430, 432, 435, 443, 452, 453, 455, 457, 466, 467, 468, 469, 470, 471, 475, 476, 478, 479, 480, 481, 484, 487, 490, 491, 493, 494, 500, 506, 507, 508, 511, 513, 515, 516, 517, 518, 521, 524, 527, 528, 531, 532, 533, 534, 537, 540, 541, 542, 543, 544, 545, 548, 550, 551, 552, 553, 554, 556, 557, 559, 562, 567, 568, 569, 570, 572, 575, 576, 577, 578, 580, 582, 583, 584, 586, 588, 592, 593, 594, 595, 602, 604, 609, 610, 611, 629, 646, 647, 648, 650, 655, 657, 658, 660, 661, 662, 663, 664, 666, 668, 669, 673, 674, 675, 677, 679, 680, 682, 686, 687, 688, 689, 691, 692, 694, 695, 696, 701, 702, 704, 706, 708, 709, 710, 712, 713, 714, 716, 717, 718, 719, 720, 721, 722, 724, 725, 726, 727, 728, 730, 731, 732, 733, 734], "excluded_lines": []}, "model-definitions/scripts/networkservice/servicefreonboarder.py": {"executed_lines": [], "summary": {"covered_lines": 0, "num_statements": 58, "percent_covered": 0.0, "percent_covered_display": "0", "missing_lines": 58, "excluded_lines": 0}, "missing_lines": [10, 11, 12, 15, 20, 21, 22, 24, 30, 31, 32, 33, 34, 35, 36, 37, 38, 41, 43, 44, 46, 48, 49, 50, 51, 52, 53, 54, 55, 56, 58, 60, 61, 63, 65, 66, 67, 68, 69, 71, 72, 74, 77, 78, 80, 81, 82, 84, 87, 88, 90, 91, 93, 95, 96, 99, 100, 102], "excluded_lines": []}, "model-definitions/scripts/networkservice/serviceprovisioner.py": {"executed_lines": [], "summary": {"covered_lines": 0, "num_statements": 264, "percent_covered": 0.0, "percent_covered_display": "0", "missing_lines": 264, "excluded_lines": 0}, "missing_lines": [10, 11, 12, 13, 14, 17, 22, 33, 48, 50, 56, 60, 61, 62, 63, 64, 65, 66, 67, 68, 70, 71, 72, 75, 76, 77, 78, 79, 80, 81, 84, 85, 87, 91, 93, 95, 96, 97, 100, 105, 106, 107, 108, 111, 112, 113, 114, 115, 120, 123, 126, 129, 130, 131, 133, 135, 136, 137, 140, 141, 142, 144, 145, 148, 149, 150, 152, 153, 155, 157, 158, 159, 162, 163, 165, 166, 169, 170, 172, 174, 193, 195, 196, 197, 198, 202, 203, 208, 209, 214, 217, 220, 221, 226, 227, 228, 231, 232, 233, 235, 236, 245, 246, 248, 249, 250, 251, 252, 253, 254, 255, 258, 259, 260, 262, 263, 264, 266, 267, 268, 269, 270, 271, 272, 274, 275, 276, 277, 278, 279, 280, 282, 283, 285, 286, 287, 293, 294, 295, 296, 297, 298, 299, 300, 310, 311, 312, 315, 316, 317, 319, 320, 321, 322, 323, 324, 325, 326, 327, 328, 329, 330, 331, 335, 336, 337, 338, 339, 341, 342, 343, 344, 346, 347, 348, 350, 355, 356, 357, 358, 360, 362, 365, 366, 367, 368, 370, 372, 374, 377, 387, 388, 389, 390, 391, 392, 394, 396, 398, 401, 402, 414, 422, 423, 424, 425, 426, 428, 429, 431, 433, 435, 437, 443, 444, 445, 446, 447, 448, 450, 451, 452, 453, 455, 457, 463, 464, 465, 466, 467, 469, 471, 476, 478, 479, 493, 502, 503, 504, 505, 507, 508, 509, 511, 513, 515, 520, 521, 522, 523, 524, 525, 527, 529, 530, 531, 532, 533, 534, 535, 537, 538, 539, 540], "excluded_lines": []}, "model-definitions/scripts/networkservice/softterminate.py": {"executed_lines": [], "summary": {"covered_lines": 0, "num_statements": 40, "percent_covered": 0.0, "percent_covered_display": "0", "missing_lines": 40, "excluded_lines": 0}, "missing_lines": [10, 11, 12, 13, 14, 17, 22, 23, 24, 25, 27, 28, 30, 33, 34, 35, 36, 37, 38, 40, 45, 46, 48, 50, 51, 53, 55, 56, 58, 60, 61, 62, 63, 65, 66, 69, 70, 71, 73, 93], "excluded_lines": []}, "model-definitions/scripts/networkservice/status_updater.py": {"executed_lines": [], "summary": {"covered_lines": 0, "num_statements": 52, "percent_covered": 0.0, "percent_covered_display": "0", "missing_lines": 52, "excluded_lines": 0}, "missing_lines": [10, 11, 12, 13, 16, 21, 40, 43, 46, 48, 50, 51, 52, 54, 55, 56, 57, 60, 61, 64, 65, 68, 69, 75, 77, 80, 81, 84, 85, 89, 91, 94, 95, 97, 100, 103, 105, 108, 113, 116, 119, 129, 134, 135, 136, 137, 140, 150, 152, 153, 155, 159], "excluded_lines": []}, "model-definitions/scripts/networkservice/update_site_state.py": {"executed_lines": [1, 12, 13, 15, 18, 33, 68], "summary": {"covered_lines": 5, "num_statements": 36, "percent_covered": 13.88888888888889, "percent_covered_display": "14", "missing_lines": 31, "excluded_lines": 0}, "missing_lines": [16, 30, 31, 45, 46, 48, 49, 51, 52, 53, 54, 55, 57, 59, 60, 61, 63, 65, 66, 81, 82, 83, 84, 85, 86, 88, 89, 90, 91, 94, 96], "excluded_lines": []}, "model-definitions/scripts/networkservice/updateobservedproperty.py": {"executed_lines": [1, 10, 11, 12, 15, 16, 20, 21, 22, 24, 26], "summary": {"covered_lines": 9, "num_statements": 10, "percent_covered": 90.0, "percent_covered_display": "90", "missing_lines": 1, "excluded_lines": 0}, "missing_lines": [30], "excluded_lines": []}, "model-definitions/scripts/networkservicedelete/__init__.py": {"executed_lines": [], "summary": {"covered_lines": 0, "num_statements": 0, "percent_covered": 100.0, "percent_covered_display": "100", "missing_lines": 0, "excluded_lines": 0}, "missing_lines": [], "excluded_lines": []}, "model-definitions/scripts/networkservicedelete/networkservicedelete.py": {"executed_lines": [], "summary": {"covered_lines": 0, "num_statements": 198, "percent_covered": 0.0, "percent_covered_display": "0", "missing_lines": 198, "excluded_lines": 0}, "missing_lines": [10, 11, 12, 15, 21, 22, 23, 26, 27, 28, 31, 34, 35, 37, 38, 39, 41, 42, 45, 46, 47, 48, 49, 50, 52, 53, 54, 55, 56, 57, 58, 59, 70, 71, 72, 74, 76, 77, 78, 79, 81, 83, 84, 85, 86, 87, 88, 89, 90, 91, 93, 98, 101, 112, 113, 115, 121, 122, 131, 133, 139, 140, 143, 153, 155, 160, 161, 162, 163, 165, 166, 177, 180, 181, 182, 183, 184, 185, 186, 187, 188, 191, 192, 198, 199, 200, 204, 205, 206, 207, 209, 210, 212, 221, 226, 228, 229, 230, 239, 240, 244, 245, 246, 255, 256, 260, 266, 267, 268, 269, 270, 273, 276, 277, 296, 300, 306, 307, 308, 309, 310, 313, 314, 317, 318, 338, 342, 347, 348, 349, 350, 351, 352, 353, 354, 355, 356, 358, 359, 384, 387, 389, 393, 396, 397, 400, 402, 403, 406, 408, 409, 410, 411, 412, 413, 414, 415, 417, 420, 423, 424, 425, 426, 428, 429, 430, 431, 432, 434, 435, 436, 438, 442, 443, 447, 449, 450, 451, 452, 454, 458, 459, 462, 463, 468, 472, 475, 476, 477, 479, 480, 481, 488, 489, 492, 495, 496, 497], "excluded_lines": []}, "model-definitions/scripts/networkserviceupdate/__init__.py": {"executed_lines": [], "summary": {"covered_lines": 0, "num_statements": 0, "percent_covered": 100.0, "percent_covered_display": "100", "missing_lines": 0, "excluded_lines": 0}, "missing_lines": [], "excluded_lines": []}, "model-definitions/scripts/networkserviceupdate/bandwidth_update.py": {"executed_lines": [], "summary": {"covered_lines": 0, "num_statements": 168, "percent_covered": 0.0, "percent_covered_display": "0", "missing_lines": 168, "excluded_lines": 0}, "missing_lines": [10, 11, 12, 13, 16, 22, 23, 24, 25, 26, 27, 29, 30, 31, 32, 35, 37, 40, 41, 44, 46, 48, 49, 50, 51, 52, 53, 54, 55, 66, 67, 68, 70, 71, 74, 76, 77, 78, 79, 80, 81, 82, 83, 86, 88, 90, 91, 92, 93, 94, 95, 98, 99, 104, 105, 108, 109, 110, 111, 112, 113, 116, 118, 123, 124, 125, 127, 129, 132, 140, 141, 142, 143, 144, 149, 150, 152, 153, 154, 155, 157, 162, 163, 165, 166, 167, 168, 170, 177, 180, 182, 183, 185, 186, 190, 191, 194, 195, 196, 197, 198, 204, 206, 214, 215, 218, 219, 220, 222, 223, 224, 225, 227, 229, 232, 233, 234, 235, 236, 237, 238, 239, 240, 241, 243, 246, 266, 277, 278, 281, 283, 284, 288, 290, 294, 298, 302, 303, 304, 305, 306, 307, 309, 310, 311, 312, 314, 316, 331, 332, 335, 336, 337, 338, 341, 343, 344, 345, 346, 348, 352, 353, 354, 355, 356, 361, 362, 364], "excluded_lines": []}, "model-definitions/scripts/networkserviceupdate/description_update.py": {"executed_lines": [], "summary": {"covered_lines": 0, "num_statements": 125, "percent_covered": 0.0, "percent_covered_display": "0", "missing_lines": 125, "excluded_lines": 0}, "missing_lines": [10, 11, 12, 15, 21, 23, 24, 25, 26, 27, 28, 30, 31, 32, 35, 37, 40, 41, 44, 46, 48, 49, 50, 51, 52, 53, 54, 55, 57, 58, 61, 64, 65, 66, 68, 70, 71, 72, 73, 74, 75, 76, 79, 80, 82, 83, 84, 86, 91, 92, 93, 95, 97, 100, 108, 113, 114, 116, 117, 118, 119, 121, 126, 127, 129, 130, 135, 136, 138, 146, 149, 152, 153, 154, 155, 156, 162, 164, 172, 173, 174, 175, 176, 177, 178, 179, 180, 181, 182, 184, 185, 186, 187, 188, 191, 192, 193, 194, 196, 197, 198, 199, 201, 219, 221, 236, 237, 240, 241, 242, 243, 246, 248, 249, 250, 251, 253, 257, 258, 259, 260, 261, 266, 267, 269], "excluded_lines": []}, "model-definitions/scripts/networkserviceupdate/ip_update.py": {"executed_lines": [], "summary": {"covered_lines": 0, "num_statements": 164, "percent_covered": 0.0, "percent_covered_display": "0", "missing_lines": 164, "excluded_lines": 0}, "missing_lines": [10, 11, 12, 13, 16, 22, 23, 24, 26, 27, 28, 29, 30, 31, 33, 34, 35, 36, 37, 38, 39, 41, 42, 43, 44, 45, 46, 47, 49, 52, 57, 58, 59, 60, 62, 64, 65, 71, 72, 73, 74, 75, 77, 78, 79, 90, 91, 94, 95, 96, 101, 104, 105, 106, 107, 109, 110, 112, 113, 114, 116, 117, 119, 120, 121, 124, 126, 127, 129, 130, 131, 132, 133, 134, 135, 136, 137, 139, 140, 144, 148, 150, 154, 155, 157, 159, 165, 166, 167, 168, 169, 171, 172, 173, 175, 176, 177, 178, 180, 182, 186, 187, 188, 189, 196, 198, 203, 227, 228, 229, 247, 251, 253, 254, 255, 256, 257, 258, 259, 260, 265, 266, 267, 268, 270, 272, 276, 277, 278, 279, 280, 281, 283, 286, 287, 288, 289, 295, 296, 298, 299, 319, 322, 327, 329, 330, 331, 333, 334, 335, 337, 339, 340, 343, 344, 345, 346, 349, 351, 353, 354, 355, 356, 357], "excluded_lines": []}, "model-definitions/scripts/networkserviceupdate/networkserviceupdate.py": {"executed_lines": [], "summary": {"covered_lines": 0, "num_statements": 119, "percent_covered": 0.0, "percent_covered_display": "0", "missing_lines": 119, "excluded_lines": 0}, "missing_lines": [10, 11, 12, 15, 21, 22, 23, 24, 25, 26, 29, 30, 33, 36, 38, 40, 41, 46, 47, 50, 53, 56, 58, 59, 61, 62, 64, 65, 67, 68, 70, 71, 73, 75, 76, 78, 79, 80, 81, 82, 83, 84, 85, 87, 93, 94, 95, 97, 98, 99, 100, 101, 103, 104, 105, 106, 109, 111, 116, 119, 134, 135, 137, 138, 140, 146, 147, 157, 158, 159, 161, 162, 163, 164, 165, 168, 170, 172, 178, 179, 190, 191, 193, 195, 201, 202, 205, 216, 218, 223, 224, 225, 228, 239, 241, 247, 248, 254, 255, 256, 258, 259, 261, 267, 268, 278, 280, 286, 287, 293, 295, 296, 297, 305, 306, 309, 312, 313, 314], "excluded_lines": []}, "model-definitions/scripts/networkserviceupdate/state_toggle.py": {"executed_lines": [], "summary": {"covered_lines": 0, "num_statements": 137, "percent_covered": 0.0, "percent_covered_display": "0", "missing_lines": 137, "excluded_lines": 0}, "missing_lines": [10, 11, 12, 15, 21, 22, 23, 24, 26, 27, 28, 30, 31, 32, 33, 34, 35, 40, 43, 46, 48, 52, 53, 55, 56, 61, 62, 64, 73, 76, 79, 80, 81, 82, 83, 89, 91, 100, 101, 102, 103, 104, 105, 106, 108, 109, 110, 111, 112, 115, 116, 117, 118, 120, 121, 122, 123, 125, 138
[...]
 1063, 1064, 1065, 1066, 1067, 1068, 1069, 1071, 1072, 1073, 1077, 1078, 1080, 1081, 1082, 1083, 1084, 1087, 1088, 1089, 1090, 1091, 1092, 1093, 1094, 1095, 1096, 1098, 1099, 1100, 1101, 1104, 1105, 1106, 1107, 1108, 1109, 1110, 1111, 1112, 1113, 1115, 1116, 1117, 1118, 1121, 1122, 1123, 1124, 1125, 1126, 1129, 1130, 1131, 1132, 1134, 1135, 1136, 1137, 1140, 1141, 1142, 1143, 1144, 1145, 1146, 1147, 1148, 1149, 1151, 1152, 1153, 1154, 1159, 1160, 1161, 1162, 1163, 1164, 1167, 1168, 1169, 1170, 1172, 1173, 1174, 1175, 1178, 1179, 1180, 1181, 1182, 1183, 1184, 1185, 1186, 1187, 1189, 1190, 1191], "excluded_lines": []}, "model-definitions/scripts/seefa/__init__.py": {"executed_lines": [], "summary": {"covered_lines": 0, "num_statements": 0, "percent_covered": 100.0, "percent_covered_display": "100", "missing_lines": 0, "excluded_lines": 0}, "missing_lines": [], "excluded_lines": []}, "model-definitions/scripts/seefa/connectivity_check.py": {"executed_lines": [], "summary": {"covered_lines": 0, "num_statements": 25, "percent_covered": 0.0, "percent_covered_display": "0", "missing_lines": 25, "excluded_lines": 0}, "missing_lines": [10, 11, 12, 13, 14, 17, 23, 24, 25, 26, 27, 28, 29, 30, 31, 37, 38, 47, 48, 49, 50, 51, 54, 55, 56], "excluded_lines": []}, "model-definitions/scripts/seefa/device_information.py": {"executed_lines": [], "summary": {"covered_lines": 0, "num_statements": 115, "percent_covered": 0.0, "percent_covered_display": "0", "missing_lines": 115, "excluded_lines": 0}, "missing_lines": [10, 11, 13, 14, 15, 16, 17, 18, 21, 27, 28, 29, 30, 31, 32, 33, 34, 35, 36, 37, 44, 45, 46, 50, 53, 54, 56, 57, 58, 60, 62, 65, 66, 67, 69, 71, 72, 73, 74, 76, 85, 86, 92, 93, 94, 96, 97, 98, 99, 100, 102, 104, 106, 107, 108, 109, 110, 121, 122, 124, 126, 129, 130, 131, 133, 135, 138, 139, 140, 142, 143, 145, 146, 148, 149, 155, 160, 162, 163, 165, 181, 182, 183, 185, 186, 187, 189, 190, 191, 193, 194, 203, 205, 206, 207, 208, 209, 210, 212, 213, 214, 215, 216, 218, 224, 226, 227, 228, 229, 230, 231, 232, 235, 236, 237], "excluded_lines": []}, "model-definitions/scripts/seefa/tacacs_remediation.py": {"executed_lines": [], "summary": {"covered_lines": 0, "num_statements": 61, "percent_covered": 0.0, "percent_covered_display": "0", "missing_lines": 61, "excluded_lines": 0}, "missing_lines": [9, 10, 12, 13, 14, 15, 16, 17, 20, 26, 27, 28, 29, 30, 31, 32, 33, 34, 36, 37, 39, 40, 42, 44, 45, 52, 53, 54, 58, 62, 64, 65, 67, 69, 70, 71, 74, 75, 76, 77, 78, 79, 80, 82, 91, 95, 96, 97, 99, 100, 101, 103, 104, 105, 106, 107, 109, 118, 121, 122, 123], "excluded_lines": []}, "model-definitions/scripts/serviceMapper/__init__.py": {"executed_lines": [], "summary": {"covered_lines": 0, "num_statements": 0, "percent_covered": 100.0, "percent_covered_display": "100", "missing_lines": 0, "excluded_lines": 0}, "missing_lines": [], "excluded_lines": []}, "model-definitions/scripts/serviceMapper/common.py": {"executed_lines": [], "summary": {"covered_lines": 0, "num_statements": 39, "percent_covered": 0.0, "percent_covered_display": "0", "missing_lines": 39, "excluded_lines": 0}, "missing_lines": [9, 10, 11, 14, 19, 27, 28, 30, 38, 39, 52, 53, 54, 56, 57, 58, 59, 60, 62, 64, 65, 70, 76, 81, 82, 83, 84, 85, 86, 88, 99, 100, 101, 102, 103, 104, 105, 109, 110], "excluded_lines": []}, "model-definitions/scripts/serviceMapper/configDataModel.py": {"executed_lines": [], "summary": {"covered_lines": 0, "num_statements": 1, "percent_covered": 0.0, "percent_covered_display": "0", "missing_lines": 1, "excluded_lines": 0}, "missing_lines": [1], "excluded_lines": []}, "model-definitions/scripts/serviceMapper/disconnectMapper.py": {"executed_lines": [], "summary": {"covered_lines": 0, "num_statements": 433, "percent_covered": 0.0, "percent_covered_display": "0", "missing_lines": 433, "excluded_lines": 0}, "missing_lines": [10, 11, 12, 13, 14, 15, 16, 17, 20, 21, 22, 23, 24, 25, 26, 27, 28, 29, 30, 31, 32, 33, 35, 41, 42, 44, 46, 47, 50, 51, 53, 54, 55, 56, 57, 59, 61, 62, 63, 65, 66, 68, 69, 72, 73, 74, 76, 77, 79, 80, 82, 83, 85, 86, 89, 90, 95, 97, 98, 99, 100, 101, 102, 103, 104, 105, 106, 107, 108, 111, 113, 114, 115, 117, 122, 124, 125, 127, 128, 135, 136, 138, 139, 141, 142, 144, 145, 146, 150, 151, 152, 153, 154, 155, 156, 158, 159, 160, 162, 163, 164, 165, 166, 167, 169, 170, 171, 172, 173, 174, 175, 176, 178, 179, 183, 184, 185, 186, 187, 188, 190, 191, 193, 194, 195, 196, 197, 198, 199, 203, 204, 205, 206, 207, 208, 209, 210, 212, 213, 214, 215, 217, 222, 223, 224, 228, 229, 233, 234, 235, 236, 238, 239, 240, 241, 243, 244, 245, 246, 247, 248, 249, 250, 252, 253, 254, 260, 261, 263, 264, 265, 267, 268, 269, 270, 271, 272, 274, 276, 277, 278, 279, 280, 283, 284, 286, 287, 288, 289, 290, 291, 292, 293, 294, 299, 300, 301, 302, 303, 304, 305, 307, 315, 322, 330, 333, 334, 335, 336, 338, 339, 341, 348, 354, 360, 363, 364, 366, 367, 369, 376, 377, 378, 379, 380, 381, 383, 385, 387, 388, 389, 390, 391, 392, 394, 395, 396, 397, 400, 401, 404, 405, 406, 407, 408, 410, 411, 417, 419, 420, 421, 422, 423, 424, 425, 427, 428, 429, 430, 431, 433, 434, 440, 441, 442, 443, 444, 445, 446, 447, 448, 450, 451, 452, 453, 454, 456, 457, 458, 459, 461, 462, 463, 464, 466, 468, 469, 470, 471, 472, 473, 475, 476, 477, 478, 479, 480, 481, 483, 485, 486, 492, 494, 495, 496, 497, 498, 500, 501, 507, 508, 509, 510, 511, 512, 513, 515, 516, 517, 518, 520, 521, 529, 535, 537, 538, 539, 540, 542, 543, 544, 545, 547, 548, 550, 552, 559, 560, 562, 563, 565, 566, 567, 568, 569, 570, 573, 575, 577, 578, 579, 582, 583, 599, 600, 601, 602, 604, 612, 613, 614, 616, 617, 618, 620, 626, 627, 628, 629, 630, 631, 632, 633, 634, 635, 636, 638, 640, 641, 643, 645, 646, 647, 648, 649, 650, 651, 652, 653, 654, 655, 657, 659, 660, 662, 664, 665, 667, 669, 670, 671, 672, 673, 674, 675, 677, 678, 680, 681, 682, 683, 684, 685, 686, 687, 691, 692, 693, 694, 695, 696, 697, 698, 699, 700, 701, 703, 705, 706, 709, 710, 713, 714], "excluded_lines": []}, "model-definitions/scripts/serviceMapper/serviceMapper.py": {"executed_lines": [], "summary": {"covered_lines": 0, "num_statements": 372, "percent_covered": 0.0, "percent_covered_display": "0", "missing_lines": 372, "excluded_lines": 0}, "missing_lines": [10, 12, 13, 14, 15, 16, 17, 20, 21, 22, 23, 24, 25, 26, 27, 28, 30, 31, 32, 35, 37, 41, 43, 45, 47, 49, 52, 54, 58, 59, 60, 61, 62, 63, 64, 65, 66, 69, 70, 73, 78, 80, 83, 84, 85, 87, 88, 90, 94, 96, 97, 98, 99, 101, 103, 105, 106, 108, 109, 110, 111, 113, 114, 115, 116, 120, 121, 122, 123, 125, 132, 133, 134, 136, 137, 139, 141, 149, 152, 153, 156, 157, 160, 162, 163, 164, 166, 170, 172, 174, 176, 178, 179, 180, 189, 190, 191, 192, 194, 195, 201, 202, 209, 210, 212, 213, 214, 215, 216, 217, 219, 221, 225, 231, 233, 234, 235, 237, 238, 239, 240, 241, 242, 243, 244, 250, 251, 252, 253, 255, 256, 261, 262, 263, 265, 266, 267, 268, 277, 278, 280, 281, 282, 283, 286, 287, 288, 293, 294, 295, 296, 297, 298, 299, 300, 301, 302, 308, 309, 310, 311, 312, 322, 323, 324, 330, 331, 332, 334, 335, 336, 337, 347, 348, 350, 351, 352, 358, 359, 360, 361, 362, 363, 367, 368, 376, 377, 385, 386, 387, 388, 398, 399, 401, 402, 403, 404, 416, 417, 419, 420, 421, 422, 424, 425, 426, 427, 428, 429, 430, 431, 432, 434, 435, 437, 439, 441, 442, 443, 445, 447, 448, 449, 450, 451, 452, 453, 454, 455, 456, 458, 461, 462, 466, 467, 476, 478, 480, 489, 490, 492, 494, 495, 499, 500, 501, 502, 504, 505, 507, 517, 518, 519, 520, 521, 522, 524, 534, 535, 536, 537, 538, 539, 540, 541, 549, 550, 551, 553, 563, 564, 565, 566, 567, 568, 569, 570, 571, 572, 573, 574, 575, 576, 577, 578, 579, 581, 583, 584, 586, 587, 608, 609, 610, 611, 612, 614, 616, 617, 618, 619, 621, 622, 623, 625, 626, 627, 629, 630, 631, 643, 644, 646, 647, 648, 652, 654, 655, 661, 666, 668, 670, 676, 687, 693, 694, 701, 716, 719, 722, 723, 724, 727, 728, 734, 743, 748, 749, 750, 755, 756, 761, 762, 767, 772, 774, 776, 778, 779, 781, 782, 783, 784, 785, 795, 797, 798, 801, 802, 805, 806, 807, 808, 809, 810, 813, 814, 821, 822, 839, 840, 841], "excluded_lines": []}, "model-definitions/scripts/slm/__init__.py": {"executed_lines": [], "summary": {"covered_lines": 0, "num_statements": 0, "percent_covered": 100.0, "percent_covered_display": "100", "missing_lines": 0, "excluded_lines": 0}, "missing_lines": [], "excluded_lines": []}, "model-definitions/scripts/slm/slmConfigVariables.py": {"executed_lines": [], "summary": {"covered_lines": 0, "num_statements": 146, "percent_covered": 0.0, "percent_covered_display": "0", "missing_lines": 146, "excluded_lines": 0}, "missing_lines": [10, 11, 12, 13, 14, 15, 16, 19, 20, 21, 23, 24, 25, 26, 27, 28, 29, 36, 37, 38, 39, 40, 43, 44, 45, 46, 47, 48, 49, 50, 51, 55, 56, 57, 60, 63, 68, 69, 74, 76, 77, 80, 83, 88, 91, 95, 97, 98, 99, 100, 101, 106, 107, 108, 110, 111, 112, 113, 115, 120, 126, 128, 129, 130, 131, 138, 139, 147, 148, 159, 161, 162, 164, 165, 166, 168, 169, 170, 182, 185, 187, 188, 190, 193, 194, 195, 196, 197, 198, 200, 209, 210, 211, 213, 215, 231, 232, 233, 234, 235, 237, 239, 259, 260, 263, 265, 266, 267, 268, 270, 272, 284, 290, 291, 292, 294, 298, 300, 301, 302, 303, 304, 325, 326, 329, 330, 333, 334, 336, 337, 338, 340, 341, 343, 344, 345, 346, 347, 350, 351, 353, 354, 357, 360, 361, 362], "excluded_lines": []}, "model-definitions/scripts/slm/slmConfigurator.py": {"executed_lines": [], "summary": {"covered_lines": 0, "num_statements": 41, "percent_covered": 0.0, "percent_covered_display": "0", "missing_lines": 41, "excluded_lines": 0}, "missing_lines": [10, 11, 12, 13, 14, 17, 18, 19, 20, 21, 22, 23, 24, 31, 32, 34, 47, 50, 51, 52, 53, 54, 55, 58, 59, 64, 65, 66, 67, 68, 69, 70, 71, 75, 76, 79, 84, 85, 92, 93, 94], "excluded_lines": []}, "model-definitions/scripts/slm/slmModeler.py": {"executed_lines": [], "summary": {"covered_lines": 0, "num_statements": 75, "percent_covered": 0.0, "percent_covered_display": "0", "missing_lines": 75, "excluded_lines": 0}, "missing_lines": [1, 2, 3, 4, 5, 6, 7, 10, 11, 17, 27, 28, 29, 30, 31, 32, 33, 35, 36, 38, 39, 40, 41, 43, 50, 51, 53, 54, 58, 59, 61, 62, 63, 72, 73, 74, 75, 76, 77, 79, 80, 82, 83, 84, 85, 87, 88, 89, 90, 91, 93, 94, 96, 97, 98, 99, 102, 103, 104, 105, 106, 107, 108, 109, 110, 111, 114, 115, 117, 119, 120, 125, 128, 129, 130], "excluded_lines": []}, "model-definitions/scripts/slm/slmServiceFinder.py": {"executed_lines": [], "summary": {"covered_lines": 0, "num_statements": 274, "percent_covered": 0.0, "percent_covered_display": "0", "missing_lines": 274, "excluded_lines": 0}, "missing_lines": [10, 11, 12, 13, 14, 17, 18, 20, 21, 22, 23, 24, 25, 26, 33, 34, 36, 37, 39, 40, 41, 42, 43, 44, 45, 46, 48, 49, 50, 51, 52, 54, 61, 62, 63, 64, 65, 66, 67, 69, 70, 71, 73, 74, 75, 76, 77, 78, 84, 85, 92, 93, 95, 96, 111, 112, 113, 115, 116, 117, 119, 120, 125, 126, 128, 129, 130, 131, 132, 133, 134, 136, 137, 138, 139, 141, 142, 148, 149, 150, 151, 152, 153, 159, 160, 162, 164, 165, 166, 167, 168, 169, 171, 172, 173, 175, 176, 177, 178, 179, 191, 192, 193, 194, 204, 205, 207, 208, 209, 210, 211, 212, 213, 214, 216, 217, 221, 223, 224, 225, 226, 227, 228, 231, 232, 236, 239, 241, 242, 243, 244, 245, 246, 247, 253, 255, 256, 257, 258, 259, 260, 261, 262, 263, 264, 265, 266, 267, 269, 270, 271, 272, 273, 274, 275, 276, 279, 286, 287, 289, 290, 291, 296, 297, 298, 299, 308, 309, 310, 313, 316, 324, 326, 327, 329, 330, 332, 333, 335, 337, 339, 340, 341, 342, 343, 344, 345, 346, 347, 348, 349, 350, 351, 352, 353, 354, 356, 357, 358, 359, 360, 369, 370, 371, 375, 376, 378, 379, 384, 386, 387, 399, 400, 401, 402, 403, 404, 407, 412, 416, 418, 419, 420, 421, 422, 423, 424, 426, 427, 431, 433, 434, 435, 436, 437, 439, 440, 442, 443, 445, 446, 451, 452, 454, 455, 456, 457, 458, 460, 461, 462, 463, 464, 465, 466, 468, 470, 471, 473, 474, 476, 479, 488, 489, 490, 491, 494, 495, 496, 503, 504, 514, 515, 516], "excluded_lines": []}, "model-definitions/scripts/smartconnect/__init__.py": {"executed_lines": [], "summary": {"covered_lines": 0, "num_statements": 0, "percent_covered": 100.0, "percent_covered_display": "100", "missing_lines": 0, "excluded_lines": 0}, "missing_lines": [], "excluded_lines": []}, "model-definitions/scripts/smartconnect/common_plan.py": {"executed_lines": [], "summary": {"covered_lines": 0, "num_statements": 7, "percent_covered": 0.0, "percent_covered_display": "0", "missing_lines": 7, "excluded_lines": 0}, "missing_lines": [1, 3, 4, 5, 8, 11, 12], "excluded_lines": []}, "model-definitions/scripts/smartconnect/connection.py": {"executed_lines": [], "summary": {"covered_lines": 0, "num_statements": 272, "percent_covered": 0.0, "percent_covered_display": "0", "missing_lines": 272, "excluded_lines": 0}, "missing_lines": [10, 11, 14, 17, 18, 24, 25, 26, 30, 31, 32, 33, 34, 35, 37, 38, 39, 41, 43, 45, 46, 47, 48, 49, 51, 52, 53, 54, 55, 57, 59, 60, 61, 63, 64, 65, 66, 69, 76, 83, 84, 85, 86, 87, 88, 89, 90, 91, 93, 95, 96, 97, 98, 100, 101, 102, 103, 104, 105, 106, 114, 115, 120, 121, 122, 125, 126, 127, 128, 129, 130, 132, 133, 134, 143, 144, 145, 146, 147, 148, 149, 150, 151, 152, 164, 165, 166, 167, 168, 169, 171, 172, 173, 174, 176, 177, 179, 180, 181, 182, 183, 184, 185, 187, 188, 189, 190, 192, 195, 196, 197, 198, 199, 200, 201, 202, 203, 205, 208, 209, 210, 211, 212, 213, 214, 215, 218, 219, 220, 221, 222, 223, 224, 225, 226, 227, 229, 230, 231, 232, 233, 238, 239, 240, 241, 242, 243, 244, 246, 247, 248, 249, 250, 251, 252, 253, 254, 255, 257, 258, 259, 260, 263, 264, 265, 266, 267, 268, 269, 270, 271, 272, 274, 275, 276, 277, 278, 279, 280, 281, 282, 283, 284, 286, 287, 288, 289, 290, 291, 292, 293, 294, 295, 297, 298, 299, 300, 303, 304, 305, 306, 307, 308, 309, 310, 311, 317, 319, 320, 321, 322, 323, 324, 325, 326, 327, 328, 329, 331, 332, 333, 334, 335, 336, 337, 338, 339, 340, 342, 343, 344, 345, 348, 349, 350, 351, 352, 353, 354, 355, 360, 361, 362, 363, 365, 366, 367, 368, 369, 370, 371, 372, 374, 375, 376, 377, 378, 379, 381, 382, 383, 384, 385, 386, 387, 388, 389, 390, 392, 393, 394, 395], "excluded_lines": []}, "model-definitions/scripts/smartconnect/mdso_internal_utils.py": {"executed_lines": [], "summary": {"covered_lines": 0, "num_statements": 23, "percent_covered": 0.0, "percent_covered_display": "0", "missing_lines": 23, "excluded_lines": 0}, "missing_lines": [1, 4, 5, 7, 8, 14, 16, 18, 19, 21, 22, 23, 24, 25, 26, 27, 29, 30, 34, 36, 37, 38, 39], "excluded_lines": []}, "model-definitions/scripts/smartconnect/render_io.py": {"executed_lines": [], "summary": {"covered_lines": 0, "num_statements": 56, "percent_covered": 0.0, "percent_covered_display": "0", "missing_lines": 56, "excluded_lines": 0}, "missing_lines": [10, 11, 12, 14, 16, 17, 18, 21, 27, 34, 36, 38, 39, 40, 41, 42, 43, 44, 45, 46, 47, 48, 50, 53, 56, 57, 59, 62, 65, 66, 67, 68, 69, 71, 72, 73, 74, 75, 77, 78, 79, 80, 81, 82, 84, 85, 86, 88, 90, 92, 93, 96, 97, 98, 99, 101], "excluded_lines": []}, "model-definitions/scripts/standaloneconfigdelivery/__init__.py": {"executed_lines": [], "summary": {"covered_lines": 0, "num_statements": 0, "percent_covered": 100.0, "percent_covered_display": "100", "missing_lines": 0, "excluded_lines": 0}, "missing_lines": [], "excluded_lines": []}, "model-definitions/scripts/standaloneconfigdelivery/standaloneconfigdelivery.py": {"executed_lines": [], "summary": {"covered_lines": 0, "num_statements": 467, "percent_covered": 0.0, "percent_covered_display": "0", "missing_lines": 467, "excluded_lines": 0}, "missing_lines": [1, 2, 3, 4, 5, 6, 9, 14, 16, 18, 19, 20, 21, 22, 23, 25, 26, 27, 28, 30, 31, 32, 33, 34, 35, 37, 38, 39, 42, 45, 46, 47, 48, 50, 51, 52, 53, 55, 56, 59, 61, 62, 64, 65, 66, 67, 69, 70, 71, 73, 74, 76, 77, 78, 79, 80, 81, 84, 85, 87, 89, 90, 91, 92, 93, 94, 95, 96, 98, 100, 101, 102, 104, 105, 106, 111, 113, 115, 116, 117, 118, 119, 121, 123, 125, 127, 128, 129, 134, 135, 136, 138, 141, 142, 143, 145, 146, 147, 148, 150, 152, 153, 154, 156, 157, 158, 160, 163, 164, 165, 166, 169, 170, 175, 176, 178, 179, 181, 182, 183, 184, 185, 187, 188, 189, 190, 193, 196, 197, 203, 204, 207, 209, 210, 211, 212, 214, 217, 219, 220, 226, 227, 230, 233, 234, 235, 236, 238, 239, 240, 241, 243, 244, 245, 246, 249, 252, 254, 255, 258, 263, 264, 265, 266, 267, 269, 271, 272, 273, 275, 276, 277, 278, 279, 282, 283, 285, 287, 288, 289, 290, 292, 295, 296, 297, 298, 299, 300, 303, 305, 306, 309, 311, 318, 319, 320, 321, 323, 325, 327, 332, 333, 335, 336, 337, 339, 341, 342, 346, 352, 354, 356, 364, 365, 366, 367, 368, 369, 370, 372, 373, 374, 385, 386, 388, 389, 391, 392, 393, 395, 396, 398, 399, 400, 401, 402, 403, 404, 405, 406, 407, 408, 409, 412, 414, 415, 416, 418, 420, 427, 429, 430, 431, 433, 434, 435, 436, 438, 440, 444, 445, 446, 448, 449, 450, 451, 452, 453, 454, 455, 457, 459, 465, 466, 467, 468, 472, 473, 475, 476, 477, 478, 479, 489, 490, 494, 495, 496, 499, 500, 501, 502, 503, 504, 505, 506, 507, 508, 510, 511, 513, 519, 520, 521, 522, 523, 524, 525, 526, 527, 529, 530, 532, 533, 534, 536, 537, 538, 539, 540, 541, 542, 543, 545, 546, 549, 552, 553, 554, 555, 556, 558, 559, 560, 561, 562, 563, 565, 566, 567, 569, 570, 572, 573, 574, 576, 577, 578, 580, 581, 588, 590, 591, 592, 593, 594, 598, 599, 600, 602, 603, 604, 606, 607, 608, 609, 610, 614, 615, 616, 618, 619, 620, 622, 623, 625, 626, 627, 629, 630, 632, 633, 634, 635, 637, 645, 646, 647, 648, 650, 651, 653, 654, 657, 658, 659, 661, 662, 663, 665, 666, 667, 668, 670, 671, 672, 679, 680, 681, 683, 684, 685, 687, 688, 689, 690, 692, 693, 694, 695, 697, 699, 700, 701, 702, 704, 708, 709, 710, 720, 721, 723, 730, 731, 732, 733, 734, 735, 736, 737, 739, 744, 745, 748, 751, 753, 754, 755, 757, 758, 759, 760, 761, 762, 763, 765, 767, 771, 772, 776, 777, 778, 780, 781, 782, 783, 786], "excluded_lines": []}, "model-definitions/scripts/testingresource/__init__.py": {"executed_lines": [], "summary": {"covered_lines": 0, "num_statements": 0, "percent_covered": 100.0, "percent_covered_display": "100", "missing_lines": 0, "excluded_lines": 0}, "missing_lines": [], "excluded_lines": []}, "model-definitions/scripts/testingresource/testing_resource.py": {"executed_lines": [], "summary": {"covered_lines": 0, "num_statements": 26, "percent_covered": 0.0, "percent_covered_display": "0", "missing_lines": 26, "excluded_lines": 0}, "missing_lines": [1, 2, 3, 4, 7, 8, 11, 12, 13, 16, 17, 18, 20, 21, 24, 25, 26, 27, 30, 31, 33, 34, 36, 39, 42, 43], "excluded_lines": []}, "model-definitions/scripts/transportNNIProvisioner/__init__.py": {"executed_lines": [], "summary": {"covered_lines": 0, "num_statements": 0, "percent_covered": 100.0, "percent_covered_display": "100", "missing_lines": 0, "excluded_lines": 0}, "missing_lines": [], "excluded_lines": []}, "model-definitions/scripts/transportNNIProvisioner/transportNNIProvisioner.py": {"executed_lines": [], "summary": {"covered_lines": 0, "num_statements": 96, "percent_covered": 0.0, "percent_covered_display": "0", "missing_lines": 96, "excluded_lines": 0}, "missing_lines": [1, 2, 3, 5, 8, 13, 14, 15, 16, 17, 18, 19, 26, 27, 29, 30, 31, 32, 33, 34, 35, 36, 37, 38, 40, 41, 42, 43, 44, 45, 47, 48, 49, 50, 51, 53, 54, 55, 56, 57, 58, 59, 60, 63, 64, 65, 67, 69, 70, 71, 72, 73, 74, 75, 76, 77, 78, 80, 81, 83, 84, 85, 86, 88, 89, 90, 91, 92, 93, 94, 95, 97, 98, 99, 101, 103, 104, 105, 106, 107, 108, 111, 113, 115, 116, 117, 118, 119, 121, 122, 123, 125, 126, 127, 130, 131], "excluded_lines": []}, "model-definitions/scripts/utils.py": {"executed_lines": [1, 12, 13, 41], "summary": {"covered_lines": 3, "num_statements": 36, "percent_covered": 8.333333333333334, "percent_covered_display": "8", "missing_lines": 33, "excluded_lines": 0}, "missing_lines": [18, 19, 20, 21, 22, 23, 24, 25, 26, 27, 28, 30, 31, 32, 33, 34, 35, 36, 37, 39, 46, 47, 48, 49, 50, 51, 52, 53, 54, 55, 56, 57, 59], "excluded_lines": []}}, "totals": {"covered_lines": 1162, "num_statements": 15471, "percent_covered": 7.510826708034387, "percent_covered_display": "8", "missing_lines": 14309, "excluded_lines": 0}}